#
# There is insufficient memory for the Java Runtime Environment to continue.
# Native memory allocation (mmap) failed to map 257949696 bytes. Error detail: G1 virtual space
# Possible reasons:
#   The system is out of physical RAM or swap space
#   This process is running with CompressedOops enabled, and the Java Heap may be blocking the growth of the native heap
# Possible solutions:
#   Reduce memory load on the system
#   Increase physical memory or swap space
#   Check if swap backing store is full
#   Decrease Java heap size (-Xmx/-Xms)
#   Decrease number of Java threads
#   Decrease Java thread stack sizes (-Xss)
#   Set larger code cache with -XX:ReservedCodeCacheSize=
#   JVM is running with Zero Based Compressed Oops mode in which the Java heap is
#     placed in the first 32GB address space. The Java Heap base address is the
#     maximum limit for the native heap growth. Please use -XX:HeapBaseMinAddress
#     to set the Java Heap base and to place the Java Heap above 32GB virtual address.
# This output file may be truncated or incomplete.
#
#  Out of Memory Error (os_windows.cpp:3815), pid=14864, tid=9832
#
# JRE version:  (21.0.3) (build )
# Java VM: OpenJDK 64-Bit Server VM (21.0.3+-12282718-b509.11, mixed mode, sharing, tiered, compressed oops, compressed class ptrs, g1 gc, windows-amd64)
# No core dump will be written. Minidumps are not enabled by default on client versions of Windows
#

---------------  S U M M A R Y ------------

Command Line: org.jetbrains.kotlin.cli.jvm.K2JVMCompiler @D:\Repositorio\Control-Acceso4\Control-Acceso\Programas\movil\app\build\20250411_11876468998829751964.compiler.options

Host: AMD Ryzen 5 5600H with Radeon Graphics         , 12 cores, 15G,  Windows 10 , 64 bit Build 19041 (10.0.19041.5678)
Time: Fri Apr 11 14:05:47 2025 Hora estándar central (México) elapsed time: 0.014078 seconds (0d 0h 0m 0s)

---------------  T H R E A D  ---------------

Current thread (0x000002c223f7b830):  JavaThread "Unknown thread" [_thread_in_vm, id=9832, stack(0x000000c8e3f00000,0x000000c8e4000000) (1024K)]

Stack: [0x000000c8e3f00000,0x000000c8e4000000]
Native frames: (J=compiled Java code, j=interpreted, Vv=VM code, C=native code)
V  [jvm.dll+0x6cafb9]
V  [jvm.dll+0x858523]
V  [jvm.dll+0x85aa7e]
V  [jvm.dll+0x85b163]
V  [jvm.dll+0x27d356]
V  [jvm.dll+0x6c7865]
V  [jvm.dll+0x6bbd3a]
V  [jvm.dll+0x35199b]
V  [jvm.dll+0x3595d6]
V  [jvm.dll+0x3aa826]
V  [jvm.dll+0x3aaaf8]
V  [jvm.dll+0x3240bc]
V  [jvm.dll+0x324dab]
V  [jvm.dll+0x81fd89]
V  [jvm.dll+0x3b7c08]
V  [jvm.dll+0x80921d]
V  [jvm.dll+0x44c05e]
V  [jvm.dll+0x44d6b1]
C  [jli.dll+0x52ab]
C  [ucrtbase.dll+0x21bb2]
C  [KERNEL32.DLL+0x17374]
C  [ntdll.dll+0x4cc91]


---------------  P R O C E S S  ---------------

Threads class SMR info:
_java_thread_list=0x00007ff8102057c8, length=0, elements={
}

Java Threads: ( => current thread )
Total: 0

Other Threads:
  0x000002c22616d890 WorkerThread "GC Thread#0"                     [id=13476, stack(0x000000c8e4000000,0x000000c8e4100000) (1024K)]
  0x000002c22617f7c0 ConcurrentGCThread "G1 Main Marker"            [id=720, stack(0x000000c8e4100000,0x000000c8e4200000) (1024K)]
  0x000002c226180a60 WorkerThread "G1 Conc#0"                       [id=15684, stack(0x000000c8e4200000,0x000000c8e4300000) (1024K)]

[error occurred during error reporting (printing all threads), id 0xc0000005, EXCEPTION_ACCESS_VIOLATION (0xc0000005) at pc=0x00007ff80fa07197]
VM state: not at safepoint (not fully initialized)

VM Mutex/Monitor currently owned by a thread:  ([mutex/lock_event])
[0x00007ff8102721c8] Heap_lock - owner thread: 0x000002c223f7b830

Heap address: 0x000000070a400000, size: 3932 MB, Compressed Oops mode: Zero based, Oop shift amount: 3

CDS archive(s) mapped at: [0x0000000000000000-0x0000000000000000-0x0000000000000000), size 0, SharedBaseAddress: 0x0000000800000000, ArchiveRelocationMode: 1.
Narrow klass base: 0x0000000000000000, Narrow klass shift: 0, Narrow klass range: 0x0

GC Precious Log:
 CardTable entry size: 512
 Card Set container configuration: InlinePtr #cards 4 size 8 Array Of Cards #cards 16 size 48 Howl #buckets 8 coarsen threshold 3686 Howl Bitmap #cards 512 size 80 coarsen threshold 460 Card regions per heap region 1 cards per card region 4096

Heap:
 garbage-first heap   total 0K, used 0K [0x000000070a400000, 0x0000000800000000)
  region size 2048K, 0 young (0K), 0 survivors (0K)
 Metaspace       used 0K, committed 0K, reserved 0K
  class space    used 0K, committed 0K, reserved 0K

Heap Regions: E=young(eden), S=young(survivor), O=old, HS=humongous(starts), HC=humongous(continues), CS=collection set, F=free, TAMS=top-at-mark-start, PB=parsable bottom

Card table byte_map: [0x000002c238f60000,0x000002c239710000] _byte_map_base: 0x000002c23570e000

Marking Bits: (CMBitMap*) 0x000002c22616e7a0
 Bits: [0x000002c239710000, 0x000002c23d480000)

GC Heap History (0 events):
No events

Dll operation events (1 events):
Event: 0.009 Loaded shared library D:\AndroidDatos\jbr\bin\java.dll

Deoptimization events (0 events):
No events

Classes loaded (0 events):
No events

Classes unloaded (0 events):
No events

Classes redefined (0 events):
No events

Internal exceptions (0 events):
No events

ZGC Phase Switch (0 events):
No events

VM Operations (0 events):
No events

Events (0 events):
No events


Dynamic libraries:
0x00007ff636010000 - 0x00007ff63601a000 	D:\AndroidDatos\jbr\bin\java.exe
0x00007ff8a43d0000 - 0x00007ff8a45c8000 	C:\WINDOWS\SYSTEM32\ntdll.dll
0x00007ff8a2e50000 - 0x00007ff8a2f12000 	C:\WINDOWS\System32\KERNEL32.DLL
0x00007ff8a1e20000 - 0x00007ff8a2116000 	C:\WINDOWS\System32\KERNELBASE.dll
0x00007ff8a1ca0000 - 0x00007ff8a1da0000 	C:\WINDOWS\System32\ucrtbase.dll
0x00007ff854c60000 - 0x00007ff854c7b000 	D:\AndroidDatos\jbr\bin\VCRUNTIME140.dll
0x00007ff89c7e0000 - 0x00007ff89c7f8000 	D:\AndroidDatos\jbr\bin\jli.dll
0x00007ff8a3260000 - 0x00007ff8a33fd000 	C:\WINDOWS\System32\USER32.dll
0x00007ff8900d0000 - 0x00007ff89036a000 	C:\WINDOWS\WinSxS\amd64_microsoft.windows.common-controls_6595b64144ccf1df_6.0.19041.4355_none_60b8b9eb71f62e16\COMCTL32.dll
0x00007ff8a1c70000 - 0x00007ff8a1c92000 	C:\WINDOWS\System32\win32u.dll
0x00007ff8a2db0000 - 0x00007ff8a2e4e000 	C:\WINDOWS\System32\msvcrt.dll
0x00007ff8a2540000 - 0x00007ff8a256b000 	C:\WINDOWS\System32\GDI32.dll
0x00007ff8a2120000 - 0x00007ff8a223a000 	C:\WINDOWS\System32\gdi32full.dll
0x00007ff8a2350000 - 0x00007ff8a23ed000 	C:\WINDOWS\System32\msvcp_win.dll
0x00007ff8a3ec0000 - 0x00007ff8a3eef000 	C:\WINDOWS\System32\IMM32.DLL
0x00007ff854840000 - 0x00007ff85484c000 	D:\AndroidDatos\jbr\bin\vcruntime140_1.dll
0x00007ff856270000 - 0x00007ff8562fd000 	D:\AndroidDatos\jbr\bin\msvcp140.dll
0x00007ff80f6d0000 - 0x00007ff81034d000 	D:\AndroidDatos\jbr\bin\server\jvm.dll
0x00007ff8a2590000 - 0x00007ff8a263f000 	C:\WINDOWS\System32\ADVAPI32.dll
0x00007ff8a39a0000 - 0x00007ff8a3a3f000 	C:\WINDOWS\System32\sechost.dll
0x00007ff8a30b0000 - 0x00007ff8a31d3000 	C:\WINDOWS\System32\RPCRT4.dll
0x00007ff8a22d0000 - 0x00007ff8a22f7000 	C:\WINDOWS\System32\bcrypt.dll
0x00007ff8a2f20000 - 0x00007ff8a2f8b000 	C:\WINDOWS\System32\WS2_32.dll
0x00007ff8a1810000 - 0x00007ff8a185b000 	C:\WINDOWS\SYSTEM32\POWRPROF.dll
0x00007ff897790000 - 0x00007ff8977b7000 	C:\WINDOWS\SYSTEM32\WINMM.dll
0x00007ff89b050000 - 0x00007ff89b05a000 	C:\WINDOWS\SYSTEM32\VERSION.dll
0x00007ff8a17f0000 - 0x00007ff8a1802000 	C:\WINDOWS\SYSTEM32\UMPDC.dll
0x00007ff89fac0000 - 0x00007ff89fad2000 	C:\WINDOWS\SYSTEM32\kernel.appcore.dll
0x00007ff854010000 - 0x00007ff85401a000 	D:\AndroidDatos\jbr\bin\jimage.dll
0x00007ff89f150000 - 0x00007ff89f334000 	C:\WINDOWS\SYSTEM32\DBGHELP.DLL
0x00007ff891650000 - 0x00007ff891684000 	C:\WINDOWS\SYSTEM32\dbgcore.DLL
0x00007ff8a2240000 - 0x00007ff8a22c2000 	C:\WINDOWS\System32\bcryptPrimitives.dll
0x00007ff83f9c0000 - 0x00007ff83f9df000 	D:\AndroidDatos\jbr\bin\java.dll

dbghelp: loaded successfully - version: 4.0.5 - missing functions: none
symbol engine: initialized successfully - sym options: 0x614 - pdb path: .;D:\AndroidDatos\jbr\bin;C:\WINDOWS\SYSTEM32;C:\WINDOWS\WinSxS\amd64_microsoft.windows.common-controls_6595b64144ccf1df_6.0.19041.4355_none_60b8b9eb71f62e16;D:\AndroidDatos\jbr\bin\server

VM Arguments:
java_command: org.jetbrains.kotlin.cli.jvm.K2JVMCompiler @D:\Repositorio\Control-Acceso4\Control-Acceso\Programas\movil\app\build\20250411_11876468998829751964.compiler.options
java_class_path (initial): C:\Users\sackb\.gradle\caches\modules-2\files-2.1\org.jetbrains.kotlin\kotlin-compiler-embeddable\2.1.0\988bf980588bbbcfa1ba19c1ffd7aa869b335a31\kotlin-compiler-embeddable-2.1.0.jar;C:\Users\sackb\.gradle\caches\modules-2\files-2.1\org.jetbrains.kotlin\kotlin-stdlib\2.1.0\85f8b81009cda5890e54ba67d64b5e599c645020\kotlin-stdlib-2.1.0.jar;C:\Users\sackb\.gradle\caches\modules-2\files-2.1\org.jetbrains.kotlin\kotlin-script-runtime\2.1.0\5909da8c57b75a117714ab0e348c86101b7a3284\kotlin-script-runtime-2.1.0.jar;C:\Users\sackb\.gradle\caches\modules-2\files-2.1\org.jetbrains.kotlin\kotlin-reflect\1.6.10\1cbe9c92c12a94eea200d23c2bbaedaf3daf5132\kotlin-reflect-1.6.10.jar;C:\Users\sackb\.gradle\caches\modules-2\files-2.1\org.jetbrains.kotlin\kotlin-daemon-embeddable\2.1.0\420bae1908e4a353f5b56c3c850d24d86367b25d\kotlin-daemon-embeddable-2.1.0.jar;C:\Users\sackb\.gradle\caches\modules-2\files-2.1\org.jetbrains.intellij.deps\trove4j\1.0.20200330\3afb14d5f9ceb459d724e907a21145e8ff394f02\trove4j-1.0.20200330.jar;C:\Users\sackb\.gradle\caches\modules-2\files-2.1\org.jetbrains.kotlinx\kotlinx-coroutines-core-jvm\1.6.4\2c997cd1c0ef33f3e751d3831929aeff1390cb30\kotlinx-coroutines-core-jvm-1.6.4.jar;C:\Users\sackb\.gradle\caches\modules-2\files-2.1\org.jetbrains\annotations\13.0\919f0dfe192fb4e063e7dacadee7f8bb9a2672a9\annotations-13.0.jar
Launcher Type: SUN_STANDARD

[Global flags]
     intx CICompilerCount                          = 4                                         {product} {ergonomic}
     uint ConcGCThreads                            = 3                                         {product} {ergonomic}
     uint G1ConcRefinementThreads                  = 10                                        {product} {ergonomic}
   size_t G1HeapRegionSize                         = 2097152                                   {product} {ergonomic}
    uintx GCDrainStackTargetSize                   = 64                                        {product} {ergonomic}
   size_t InitialHeapSize                          = 257949696                                 {product} {ergonomic}
   size_t MarkStackSize                            = 4194304                                   {product} {ergonomic}
   size_t MaxHeapSize                              = 4123000832                                {product} {ergonomic}
   size_t MinHeapDeltaBytes                        = 2097152                                   {product} {ergonomic}
   size_t MinHeapSize                              = 8388608                                   {product} {ergonomic}
    uintx NonNMethodCodeHeapSize                   = 5839372                                {pd product} {ergonomic}
    uintx NonProfiledCodeHeapSize                  = 122909434                              {pd product} {ergonomic}
    uintx ProfiledCodeHeapSize                     = 122909434                              {pd product} {ergonomic}
    uintx ReservedCodeCacheSize                    = 251658240                              {pd product} {ergonomic}
     bool SegmentedCodeCache                       = true                                      {product} {ergonomic}
   size_t SoftMaxHeapSize                          = 4123000832                             {manageable} {ergonomic}
     bool UseCompressedOops                        = true                           {product lp64_product} {ergonomic}
     bool UseG1GC                                  = true                                      {product} {ergonomic}
     bool UseLargePagesIndividualAllocation        = false                                  {pd product} {ergonomic}

Logging:
Log output configuration:
 #0: stdout all=warning uptime,level,tags foldmultilines=false
 #1: stderr all=off uptime,level,tags foldmultilines=false

Environment Variables:
PATH=C:\PROGRA~2\Borland\CBUILD~1\Bin;C:\PROGRA~2\Borland\CBUILD~1\Projects\Bpl;C:\Program Files\Common Files\Oracle\Java\javapath;C:\WINDOWS\system32;C:\WINDOWS;C:\WINDOWS\System32\Wbem;C:\WINDOWS\System32\WindowsPowerShell\v1.0\;C:\WINDOWS\System32\OpenSSH\;C:\Program Files\dotnet\;C:\Program Files\Git\cmd;D:\MinGW\bin;D:\ffmpeg-master-latest-win64-gpl-shared\bin;C:\Users\sackb\AppData\Local\Programs\Python\Python310\Scripts\;C:\Users\sackb\AppData\Local\Programs\Python\Python310\;C:\Users\sackb\AppData\Local\Programs\Python\Python313\Scripts\;C:\Users\sackb\AppData\Local\Programs\Python\Python313\;C:\Users\sackb\AppData\Local\Programs\Python\Python311\Scripts\;C:\Users\sackb\AppData\Local\Programs\Python\Python311\;C:\Users\sackb\AppData\Local\Programs\Python\Python312\Scripts\;C:\Users\sackb\AppData\Local\Programs\Python\Python312\;C:\Users\sackb\AppData\Local\Microsoft\WindowsApps;C:\Users\sackb\AppData\Local\Programs\Microsoft VS Code\bin;C:\Users\sackb\.dotnet\tools;D:\MikTeX\miktex\bin\x64\;C:\Users\sackb\AppData\Local\GitHubDesktop\bin;D:\IntelliJ\IntelliJ IDEA Community Edition 2024.2.3\bin;;D:\MinGW\bin;
USERNAME=sackb
OS=Windows_NT
PROCESSOR_IDENTIFIER=AMD64 Family 25 Model 80 Stepping 0, AuthenticAMD
TMP=C:\Users\sackb\AppData\Local\Temp
TEMP=C:\Users\sackb\AppData\Local\Temp




Periodic native trim disabled

JNI global refs:
JNI global refs: 0, weak refs: 0

JNI global refs memory usage: 0, weak refs: 0

Process memory usage:
Resident Set Size: 10868K (0% of 16101432K total physical memory with 2822884K free physical memory)

OOME stack traces (most recent first):
Classloader memory used:

---------------  S Y S T E M  ---------------

OS:
 Windows 10 , 64 bit Build 19041 (10.0.19041.5678)
OS uptime: 0 days 16:19 hours

CPU: total 12 (initial active 12) (12 cores per cpu, 2 threads per core) family 25 model 80 stepping 0 microcode 0x0, cx8, cmov, fxsr, ht, mmx, 3dnowpref, sse, sse2, sse3, ssse3, sse4a, sse4.1, sse4.2, popcnt, lzcnt, tsc, tscinvbit, avx, avx2, aes, erms, clmul, bmi1, bmi2, adx, sha, fma, vzeroupper, clflush, clflushopt, rdtscp, rdpid, fsrm, f16c, pku, cet_ss
Processor Information for all 12 processors :
  Max Mhz: 3301, Current Mhz: 3301, Mhz Limit: 3301

Memory: 4k page, system-wide physical 15724M (2756M free)
TotalPageFile size 21700M (AvailPageFile size 152M)
current process WorkingSet (physical memory assigned to process): 10M, peak: 10M
current process commit charge ("private bytes"): 64M, peak: 310M

vm_info: OpenJDK 64-Bit Server VM (21.0.3+-12282718-b509.11) for windows-amd64 JRE (21.0.3+-12282718-b509.11), built on 2024-08-27T17:34:15Z by "builder" with MS VC++ 16.10 / 16.11 (VS2019)

END.
