#
# There is insufficient memory for the Java Runtime Environment to continue.
# Native memory allocation (malloc) failed to allocate 1140176 bytes. Error detail: Chunk::new
# Possible reasons:
#   The system is out of physical RAM or swap space
#   This process is running with CompressedOops enabled, and the Java Heap may be blocking the growth of the native heap
# Possible solutions:
#   Reduce memory load on the system
#   Increase physical memory or swap space
#   Check if swap backing store is full
#   Decrease Java heap size (-Xmx/-Xms)
#   Decrease number of Java threads
#   Decrease Java thread stack sizes (-Xss)
#   Set larger code cache with -XX:ReservedCodeCacheSize=
#   JVM is running with Unscaled Compressed Oops mode in which the Java heap is
#     placed in the first 4GB address space. The Java Heap base address is the
#     maximum limit for the native heap growth. Please use -XX:HeapBaseMinAddress
#     to set the Java Heap base and to place the Java Heap above 4GB virtual address.
# This output file may be truncated or incomplete.
#
#  Out of Memory Error (arena.cpp:168), pid=1104, tid=12716
#
# JRE version: OpenJDK Runtime Environment (21.0.3) (build 21.0.3+-12282718-b509.11)
# Java VM: OpenJDK 64-Bit Server VM (21.0.3+-12282718-b509.11, mixed mode, tiered, compressed oops, compressed class ptrs, g1 gc, windows-amd64)
# No core dump will be written. Minidumps are not enabled by default on client versions of Windows
#

---------------  S U M M A R Y ------------

Command Line: --add-opens=java.base/java.util=ALL-UNNAMED --add-opens=java.base/java.lang=ALL-UNNAMED --add-opens=java.base/java.lang.invoke=ALL-UNNAMED --add-opens=java.prefs/java.util.prefs=ALL-UNNAMED --add-exports=jdk.compiler/com.sun.tools.javac.api=ALL-UNNAMED --add-exports=jdk.compiler/com.sun.tools.javac.util=ALL-UNNAMED --add-opens=java.base/java.nio.charset=ALL-UNNAMED --add-opens=java.base/java.net=ALL-UNNAMED --add-opens=java.base/java.util.concurrent.atomic=ALL-UNNAMED -Xmx2048m -Dfile.encoding=UTF-8 -Duser.country=MX -Duser.language=es -Duser.variant -javaagent:C:\Users\sackb\.gradle\wrapper\dists\gradle-8.9-bin\90cnw93cvbtalezasaz0blq0a\gradle-8.9\lib\agents\gradle-instrumentation-agent-8.9.jar org.gradle.launcher.daemon.bootstrap.GradleDaemon 8.9

Host: AMD Ryzen 5 5600H with Radeon Graphics         , 12 cores, 15G,  Windows 10 , 64 bit Build 19041 (10.0.19041.5438)
Time: Mon Mar 31 21:14:42 2025 Hora estándar central (México) elapsed time: 7.810435 seconds (0d 0h 0m 7s)

---------------  T H R E A D  ---------------

Current thread (0x000001a0fc22a430):  JavaThread "C2 CompilerThread2" daemon [_thread_in_native, id=12716, stack(0x0000006b5a200000,0x0000006b5a300000) (1024K)]


Current CompileTask:
C2:   7810 10784   !   4       com.google.common.cache.LocalCache$Segment::lockedGetOrLoad (447 bytes)

Stack: [0x0000006b5a200000,0x0000006b5a300000]
Native frames: (J=compiled Java code, j=interpreted, Vv=VM code, C=native code)
V  [jvm.dll+0x6cafb9]
V  [jvm.dll+0x858523]
V  [jvm.dll+0x85aa7e]
V  [jvm.dll+0x85b163]
V  [jvm.dll+0x27d356]
V  [jvm.dll+0xbf93d]
V  [jvm.dll+0xbfe73]
V  [jvm.dll+0x3b1cb1]
V  [jvm.dll+0x37e787]
V  [jvm.dll+0x37dbfa]
V  [jvm.dll+0x246b02]
V  [jvm.dll+0x2460d1]
V  [jvm.dll+0x1c5804]
V  [jvm.dll+0x25575c]
V  [jvm.dll+0x253c36]
V  [jvm.dll+0x3ec996]
V  [jvm.dll+0x800d78]
V  [jvm.dll+0x6c98cd]
C  [ucrtbase.dll+0x21bb2]
C  [KERNEL32.DLL+0x17374]
C  [ntdll.dll+0x4cc91]


---------------  P R O C E S S  ---------------

Threads class SMR info:
_java_thread_list=0x000001a08047bb30, length=70, elements={
0x000001a0db1dae60, 0x000001a0f4ef4fc0, 0x000001a0f4ef7cf0, 0x000001a0f4f12dc0,
0x000001a0f4f13820, 0x000001a0f4f1e2a0, 0x000001a0f4f02e00, 0x000001a0f4f1fa30,
0x000001a0f4f081e0, 0x000001a0f4f02770, 0x000001a0f4f01a50, 0x000001a0f5661e50,
0x000001a0f4f020e0, 0x000001a0fb270e80, 0x000001a0fb26d370, 0x000001a0fb26e720,
0x000001a0fb271510, 0x000001a0fb274990, 0x000001a0fb26da00, 0x000001a0fb271ba0,
0x000001a0fb2707f0, 0x000001a0fb272230, 0x000001a0fb270160, 0x000001a0fb2735e0,
0x000001a0fb26e090, 0x000001a0fc22a430, 0x000001a0fb2728c0, 0x000001a0fb26f440,
0x000001a0fb26edb0, 0x000001a0fb272f50, 0x000001a0fb273c70, 0x000001a0fe79e5c0,
0x000001a0fe7a0000, 0x000001a0fe79aab0, 0x000001a0fe79cb80, 0x000001a0fe799700,
0x000001a0fe79b140, 0x000001a0fe79a420, 0x000001a0fe799d90, 0x000001a0fe79b7d0,
0x000001a0fe79be60, 0x000001a0fe79d210, 0x000001a0fe79d8a0, 0x000001a0fe79df30,
0x000001a0fe79f970, 0x000001a0fde8c750, 0x000001a0fde8ad10, 0x000001a0fde8cde0,
0x000001a0fde8d470, 0x000001a0fde8db00, 0x000001a0fde8e190, 0x000001a0fde8b3a0,
0x000001a0fde8ba30, 0x000001a0fde8c0c0, 0x000001a081eec5b0, 0x000001a081eeb890,
0x000001a081ee97c0, 0x000001a081ee76f0, 0x000001a081ee7060, 0x000001a081ee5cb0,
0x000001a081ee8aa0, 0x000001a081ee7d80, 0x000001a081eecc40, 0x000001a081eebf20,
0x000001a081ee9130, 0x000001a081eea4e0, 0x000001a081eed2d0, 0x000001a081ee8410,
0x000001a081ee9e50, 0x000001a081eeab70
}

Java Threads: ( => current thread )
  0x000001a0db1dae60 JavaThread "main"                              [_thread_blocked, id=18076, stack(0x0000006b57700000,0x0000006b57800000) (1024K)]
  0x000001a0f4ef4fc0 JavaThread "Reference Handler"          daemon [_thread_blocked, id=21364, stack(0x0000006b57f00000,0x0000006b58000000) (1024K)]
  0x000001a0f4ef7cf0 JavaThread "Finalizer"                  daemon [_thread_blocked, id=11144, stack(0x0000006b58000000,0x0000006b58100000) (1024K)]
  0x000001a0f4f12dc0 JavaThread "Signal Dispatcher"          daemon [_thread_blocked, id=4448, stack(0x0000006b58100000,0x0000006b58200000) (1024K)]
  0x000001a0f4f13820 JavaThread "Attach Listener"            daemon [_thread_blocked, id=5532, stack(0x0000006b58200000,0x0000006b58300000) (1024K)]
  0x000001a0f4f1e2a0 JavaThread "Service Thread"             daemon [_thread_blocked, id=3084, stack(0x0000006b58300000,0x0000006b58400000) (1024K)]
  0x000001a0f4f02e00 JavaThread "Monitor Deflation Thread"   daemon [_thread_blocked, id=15496, stack(0x0000006b58400000,0x0000006b58500000) (1024K)]
  0x000001a0f4f1fa30 JavaThread "C2 CompilerThread0"         daemon [_thread_in_native, id=1364, stack(0x0000006b58500000,0x0000006b58600000) (1024K)]
  0x000001a0f4f081e0 JavaThread "C1 CompilerThread0"         daemon [_thread_in_vm, id=20044, stack(0x0000006b58600000,0x0000006b58700000) (1024K)]
  0x000001a0f4f02770 JavaThread "Common-Cleaner"             daemon [_thread_blocked, id=18716, stack(0x0000006b58700000,0x0000006b58800000) (1024K)]
  0x000001a0f4f01a50 JavaThread "Notification Thread"        daemon [_thread_blocked, id=21420, stack(0x0000006b58800000,0x0000006b58900000) (1024K)]
  0x000001a0f5661e50 JavaThread "C2 CompilerThread1"         daemon [_thread_in_native, id=21284, stack(0x0000006b58900000,0x0000006b58a00000) (1024K)]
  0x000001a0f4f020e0 JavaThread "Daemon health stats"               [_thread_blocked, id=14340, stack(0x0000006b58a00000,0x0000006b58b00000) (1024K)]
  0x000001a0fb270e80 JavaThread "Incoming local TCP Connector on port 51089"        [_thread_in_native, id=14732, stack(0x0000006b58f00000,0x0000006b59000000) (1024K)]
  0x000001a0fb26d370 JavaThread "Daemon periodic checks"            [_thread_blocked, id=20532, stack(0x0000006b59000000,0x0000006b59100000) (1024K)]
  0x000001a0fb26e720 JavaThread "Daemon"                            [_thread_blocked, id=18440, stack(0x0000006b59100000,0x0000006b59200000) (1024K)]
  0x000001a0fb271510 JavaThread "Handler for socket connection from /127.0.0.1:51089 to /127.0.0.1:51090"        [_thread_in_native, id=10760, stack(0x0000006b59200000,0x0000006b59300000) (1024K)]
  0x000001a0fb274990 JavaThread "Cancel handler"                    [_thread_blocked, id=7796, stack(0x0000006b59300000,0x0000006b59400000) (1024K)]
  0x000001a0fb26da00 JavaThread "Daemon worker"                     [_thread_in_Java, id=19264, stack(0x0000006b59400000,0x0000006b59500000) (1024K)]
  0x000001a0fb271ba0 JavaThread "Asynchronous log dispatcher for DefaultDaemonConnection: socket connection from /127.0.0.1:51089 to /127.0.0.1:51090"        [_thread_blocked, id=2732, stack(0x0000006b59500000,0x0000006b59600000) (1024K)]
  0x000001a0fb2707f0 JavaThread "Stdin handler"                     [_thread_blocked, id=9064, stack(0x0000006b59600000,0x0000006b59700000) (1024K)]
  0x000001a0fb272230 JavaThread "Daemon client event forwarder"        [_thread_blocked, id=15040, stack(0x0000006b59700000,0x0000006b59800000) (1024K)]
  0x000001a0fb270160 JavaThread "Cache worker for journal cache (C:\Users\sackb\.gradle\caches\journal-1)"        [_thread_blocked, id=21300, stack(0x0000006b59f00000,0x0000006b5a000000) (1024K)]
  0x000001a0fb2735e0 JavaThread "File lock request listener"        [_thread_in_native, id=17500, stack(0x0000006b5a000000,0x0000006b5a100000) (1024K)]
  0x000001a0fb26e090 JavaThread "Cache worker for file hash cache (C:\Users\sackb\.gradle\caches\8.9\fileHashes)"        [_thread_blocked, id=12720, stack(0x0000006b5a100000,0x0000006b5a200000) (1024K)]
=>0x000001a0fc22a430 JavaThread "C2 CompilerThread2"         daemon [_thread_in_native, id=12716, stack(0x0000006b5a200000,0x0000006b5a300000) (1024K)]
  0x000001a0fb2728c0 JavaThread "Cache worker for file hash cache (D:\Repositorio\Control-Acceso4\Control-Acceso\Programas\movil\.gradle\8.9\fileHashes)"        [_thread_blocked, id=6300, stack(0x0000006b5a300000,0x0000006b5a400000) (1024K)]
  0x000001a0fb26f440 JavaThread "Cache worker for Build Output Cleanup Cache (D:\Repositorio\Control-Acceso4\Control-Acceso\Programas\movil\.gradle\buildOutputCleanup)"        [_thread_blocked, id=19928, stack(0x0000006b5a400000,0x0000006b5a500000) (1024K)]
  0x000001a0fb26edb0 JavaThread "File watcher server"        daemon [_thread_in_native, id=5272, stack(0x0000006b5a500000,0x0000006b5a600000) (1024K)]
  0x000001a0fb272f50 JavaThread "File watcher consumer"      daemon [_thread_blocked, id=3544, stack(0x0000006b5a600000,0x0000006b5a700000) (1024K)]
  0x000001a0fb273c70 JavaThread "Cache worker for checksums cache (D:\Repositorio\Control-Acceso4\Control-Acceso\Programas\movil\.gradle\8.9\checksums)"        [_thread_blocked, id=21856, stack(0x0000006b5a700000,0x0000006b5a800000) (1024K)]
  0x000001a0fe79e5c0 JavaThread "Cache worker for file content cache (C:\Users\sackb\.gradle\caches\8.9\fileContent)"        [_thread_blocked, id=2140, stack(0x0000006b5a800000,0x0000006b5a900000) (1024K)]
  0x000001a0fe7a0000 JavaThread "Cache worker for cache directory md-rule (C:\Users\sackb\.gradle\caches\8.9\md-rule)"        [_thread_blocked, id=21456, stack(0x0000006b5a900000,0x0000006b5aa00000) (1024K)]
  0x000001a0fe79aab0 JavaThread "Cache worker for cache directory md-supplier (C:\Users\sackb\.gradle\caches\8.9\md-supplier)"        [_thread_blocked, id=13656, stack(0x0000006b5aa00000,0x0000006b5ab00000) (1024K)]
  0x000001a0fe79cb80 JavaThread "Unconstrained build operations"        [_thread_blocked, id=20856, stack(0x0000006b5ab00000,0x0000006b5ac00000) (1024K)]
  0x000001a0fe799700 JavaThread "Unconstrained build operations Thread 2"        [_thread_blocked, id=10340, stack(0x0000006b5ac00000,0x0000006b5ad00000) (1024K)]
  0x000001a0fe79b140 JavaThread "Unconstrained build operations Thread 3"        [_thread_blocked, id=13236, stack(0x0000006b5ad00000,0x0000006b5ae00000) (1024K)]
  0x000001a0fe79a420 JavaThread "Unconstrained build operations Thread 4"        [_thread_blocked, id=9276, stack(0x0000006b5ae00000,0x0000006b5af00000) (1024K)]
  0x000001a0fe799d90 JavaThread "Unconstrained build operations Thread 5"        [_thread_blocked, id=17424, stack(0x0000006b5af00000,0x0000006b5b000000) (1024K)]
  0x000001a0fe79b7d0 JavaThread "Unconstrained build operations Thread 6"        [_thread_blocked, id=6120, stack(0x0000006b5b000000,0x0000006b5b100000) (1024K)]
  0x000001a0fe79be60 JavaThread "Unconstrained build operations Thread 7"        [_thread_blocked, id=5360, stack(0x0000006b5b100000,0x0000006b5b200000) (1024K)]
  0x000001a0fe79d210 JavaThread "Unconstrained build operations Thread 8"        [_thread_blocked, id=16296, stack(0x0000006b5b200000,0x0000006b5b300000) (1024K)]
  0x000001a0fe79d8a0 JavaThread "Unconstrained build operations Thread 9"        [_thread_blocked, id=18756, stack(0x0000006b5b300000,0x0000006b5b400000) (1024K)]
  0x000001a0fe79df30 JavaThread "Unconstrained build operations Thread 10"        [_thread_blocked, id=12328, stack(0x0000006b5b400000,0x0000006b5b500000) (1024K)]
  0x000001a0fe79f970 JavaThread "Unconstrained build operations Thread 11"        [_thread_blocked, id=15236, stack(0x0000006b5b500000,0x0000006b5b600000) (1024K)]
  0x000001a0fde8c750 JavaThread "Unconstrained build operations Thread 12"        [_thread_blocked, id=6036, stack(0x0000006b5b600000,0x0000006b5b700000) (1024K)]
  0x000001a0fde8ad10 JavaThread "Unconstrained build operations Thread 13"        [_thread_blocked, id=17464, stack(0x0000006b5b700000,0x0000006b5b800000) (1024K)]
  0x000001a0fde8cde0 JavaThread "Unconstrained build operations Thread 14"        [_thread_blocked, id=11136, stack(0x0000006b5b800000,0x0000006b5b900000) (1024K)]
  0x000001a0fde8d470 JavaThread "Unconstrained build operations Thread 15"        [_thread_blocked, id=2808, stack(0x0000006b5b900000,0x0000006b5ba00000) (1024K)]
  0x000001a0fde8db00 JavaThread "Unconstrained build operations Thread 16"        [_thread_blocked, id=14860, stack(0x0000006b5ba00000,0x0000006b5bb00000) (1024K)]
  0x000001a0fde8e190 JavaThread "Unconstrained build operations Thread 17"        [_thread_blocked, id=20368, stack(0x0000006b5bb00000,0x0000006b5bc00000) (1024K)]
  0x000001a0fde8b3a0 JavaThread "Unconstrained build operations Thread 18"        [_thread_blocked, id=19852, stack(0x0000006b5bc00000,0x0000006b5bd00000) (1024K)]
  0x000001a0fde8ba30 JavaThread "Unconstrained build operations Thread 19"        [_thread_blocked, id=19976, stack(0x0000006b5bd00000,0x0000006b5be00000) (1024K)]
  0x000001a0fde8c0c0 JavaThread "Unconstrained build operations Thread 20"        [_thread_blocked, id=12264, stack(0x0000006b5be00000,0x0000006b5bf00000) (1024K)]
  0x000001a081eec5b0 JavaThread "Unconstrained build operations Thread 21"        [_thread_blocked, id=20792, stack(0x0000006b5bf00000,0x0000006b5c000000) (1024K)]
  0x000001a081eeb890 JavaThread "Unconstrained build operations Thread 22"        [_thread_blocked, id=20164, stack(0x0000006b5c000000,0x0000006b5c100000) (1024K)]
  0x000001a081ee97c0 JavaThread "Unconstrained build operations Thread 23"        [_thread_blocked, id=21048, stack(0x0000006b5c100000,0x0000006b5c200000) (1024K)]
  0x000001a081ee76f0 JavaThread "Unconstrained build operations Thread 24"        [_thread_blocked, id=18048, stack(0x0000006b5c200000,0x0000006b5c300000) (1024K)]
  0x000001a081ee7060 JavaThread "Unconstrained build operations Thread 25"        [_thread_blocked, id=14164, stack(0x0000006b5c300000,0x0000006b5c400000) (1024K)]
  0x000001a081ee5cb0 JavaThread "Unconstrained build operations Thread 26"        [_thread_blocked, id=20708, stack(0x0000006b5c400000,0x0000006b5c500000) (1024K)]
  0x000001a081ee8aa0 JavaThread "Unconstrained build operations Thread 27"        [_thread_blocked, id=18948, stack(0x0000006b5c500000,0x0000006b5c600000) (1024K)]
  0x000001a081ee7d80 JavaThread "Unconstrained build operations Thread 28"        [_thread_blocked, id=19256, stack(0x0000006b5c600000,0x0000006b5c700000) (1024K)]
  0x000001a081eecc40 JavaThread "Unconstrained build operations Thread 29"        [_thread_blocked, id=3016, stack(0x0000006b5c700000,0x0000006b5c800000) (1024K)]
  0x000001a081eebf20 JavaThread "Unconstrained build operations Thread 30"        [_thread_blocked, id=21804, stack(0x0000006b5c800000,0x0000006b5c900000) (1024K)]
  0x000001a081ee9130 JavaThread "Unconstrained build operations Thread 31"        [_thread_blocked, id=21728, stack(0x0000006b5c900000,0x0000006b5ca00000) (1024K)]
  0x000001a081eea4e0 JavaThread "Unconstrained build operations Thread 32"        [_thread_blocked, id=9076, stack(0x0000006b5ca00000,0x0000006b5cb00000) (1024K)]
  0x000001a081eed2d0 JavaThread "Unconstrained build operations Thread 33"        [_thread_blocked, id=21572, stack(0x0000006b5cb00000,0x0000006b5cc00000) (1024K)]
  0x000001a081ee8410 JavaThread "build event listener"              [_thread_blocked, id=17072, stack(0x0000006b5cc00000,0x0000006b5cd00000) (1024K)]
  0x000001a081ee9e50 JavaThread "Memory manager"                    [_thread_blocked, id=10228, stack(0x0000006b5cd00000,0x0000006b5ce00000) (1024K)]
  0x000001a081eeab70 JavaThread "build event listener"              [_thread_blocked, id=19364, stack(0x0000006b5ce00000,0x0000006b5cf00000) (1024K)]
Total: 70

Other Threads:
  0x000001a0db1ac980 VMThread "VM Thread"                           [id=19968, stack(0x0000006b57e00000,0x0000006b57f00000) (1024K)]
  0x000001a0f4d80e60 WatcherThread "VM Periodic Task Thread"        [id=20644, stack(0x0000006b57d00000,0x0000006b57e00000) (1024K)]
  0x000001a0db1ac5e0 WorkerThread "GC Thread#0"                     [id=5484, stack(0x0000006b57800000,0x0000006b57900000) (1024K)]
  0x000001a0db1ab020 WorkerThread "GC Thread#1"                     [id=5376, stack(0x0000006b58b00000,0x0000006b58c00000) (1024K)]
  0x000001a0db1ab3c0 WorkerThread "GC Thread#2"                     [id=16408, stack(0x0000006b58c00000,0x0000006b58d00000) (1024K)]
  0x000001a0db1ac240 WorkerThread "GC Thread#3"                     [id=6200, stack(0x0000006b58d00000,0x0000006b58e00000) (1024K)]
  0x000001a0f5708070 WorkerThread "GC Thread#4"                     [id=2064, stack(0x0000006b58e00000,0x0000006b58f00000) (1024K)]
  0x000001a0f5705c30 WorkerThread "GC Thread#5"                     [id=20836, stack(0x0000006b59800000,0x0000006b59900000) (1024K)]
  0x000001a0f5706e50 WorkerThread "GC Thread#6"                     [id=5400, stack(0x0000006b59900000,0x0000006b59a00000) (1024K)]
  0x000001a0f57071f0 WorkerThread "GC Thread#7"                     [id=12660, stack(0x0000006b59a00000,0x0000006b59b00000) (1024K)]
  0x000001a0f5708b50 WorkerThread "GC Thread#8"                     [id=16888, stack(0x0000006b59b00000,0x0000006b59c00000) (1024K)]
  0x000001a0f5707590 WorkerThread "GC Thread#9"                     [id=21968, stack(0x0000006b59c00000,0x0000006b59d00000) (1024K)]
  0x000001a0db3503c0 ConcurrentGCThread "G1 Main Marker"            [id=10764, stack(0x0000006b57900000,0x0000006b57a00000) (1024K)]
  0x000001a0db1abb00 WorkerThread "G1 Conc#0"                       [id=19040, stack(0x0000006b57a00000,0x0000006b57b00000) (1024K)]
  0x000001a0f5705fd0 WorkerThread "G1 Conc#1"                       [id=15572, stack(0x0000006b59d00000,0x0000006b59e00000) (1024K)]
  0x000001a0f57087b0 WorkerThread "G1 Conc#2"                       [id=15384, stack(0x0000006b59e00000,0x0000006b59f00000) (1024K)]
  0x000001a0f4cd5ac0 ConcurrentGCThread "G1 Refine#0"               [id=4780, stack(0x0000006b57b00000,0x0000006b57c00000) (1024K)]
  0x000001a0f4cd62e0 ConcurrentGCThread "G1 Service"                [id=20920, stack(0x0000006b57c00000,0x0000006b57d00000) (1024K)]
Total: 18

Threads with active compile tasks:
C2 CompilerThread0     7823 10970       4       com.google.common.cache.LocalCache$Segment::loadSync (19 bytes)
C1 CompilerThread0     7823 10998       3       org.gradle.internal.component.model.GraphVariantSelector::selectByAttributeMatching (70 bytes)
C2 CompilerThread2     7823 10784   !   4       com.google.common.cache.LocalCache$Segment::lockedGetOrLoad (447 bytes)
Total: 3

VM state: not at safepoint (normal execution)

VM Mutex/Monitor currently owned by a thread:  ([mutex/lock_event])
[0x00007fffaf8cfec8] Metaspace_lock - owner thread: 0x000001a0f4f081e0

Heap address: 0x0000000080000000, size: 2048 MB, Compressed Oops mode: 32-bit

CDS archive(s) not mapped
Compressed class space mapped at: 0x0000000100000000-0x0000000140000000, reserved size: 1073741824
Narrow klass base: 0x0000000000000000, Narrow klass shift: 3, Narrow klass range: 0x140000000

GC Precious Log:
 CardTable entry size: 512
 Card Set container configuration: InlinePtr #cards 5 size 8 Array Of Cards #cards 12 size 40 Howl #buckets 4 coarsen threshold 1843 Howl Bitmap #cards 512 size 80 coarsen threshold 460 Card regions per heap region 1 cards per card region 2048
 CPUs: 12 total, 12 available
 Memory: 15724M
 Large Page Support: Disabled
 NUMA Support: Disabled
 Compressed Oops: Enabled (32-bit)
 Heap Region Size: 1M
 Heap Min Capacity: 8M
 Heap Initial Capacity: 246M
 Heap Max Capacity: 2G
 Pre-touch: Disabled
 Parallel Workers: 10
 Concurrent Workers: 3
 Concurrent Refinement Workers: 10
 Periodic GC: Disabled

Heap:
 garbage-first heap   total 155648K, used 98701K [0x0000000080000000, 0x0000000100000000)
  region size 1024K, 16 young (16384K), 6 survivors (6144K)
 Metaspace       used 99731K, committed 101696K, reserved 1179648K
  class space    used 13812K, committed 14784K, reserved 1048576K

Heap Regions: E=young(eden), S=young(survivor), O=old, HS=humongous(starts), HC=humongous(continues), CS=collection set, F=free, TAMS=top-at-mark-start, PB=parsable bottom
|   0|0x0000000080000000, 0x0000000080100000, 0x0000000080100000|100%|HS|  |TAMS 0x0000000080000000| PB 0x0000000080000000| Complete 
|   1|0x0000000080100000, 0x0000000080200000, 0x0000000080200000|100%|HC|  |TAMS 0x0000000080100000| PB 0x0000000080100000| Complete 
|   2|0x0000000080200000, 0x0000000080300000, 0x0000000080300000|100%|HC|  |TAMS 0x0000000080200000| PB 0x0000000080200000| Complete 
|   3|0x0000000080300000, 0x0000000080400000, 0x0000000080400000|100%|HC|  |TAMS 0x0000000080300000| PB 0x0000000080300000| Complete 
|   4|0x0000000080400000, 0x0000000080500000, 0x0000000080500000|100%| O|  |TAMS 0x0000000080400000| PB 0x0000000080400000| Untracked 
|   5|0x0000000080500000, 0x0000000080600000, 0x0000000080600000|100%| O|  |TAMS 0x0000000080500000| PB 0x0000000080500000| Untracked 
|   6|0x0000000080600000, 0x0000000080700000, 0x0000000080700000|100%| O|  |TAMS 0x0000000080600000| PB 0x0000000080600000| Untracked 
|   7|0x0000000080700000, 0x0000000080800000, 0x0000000080800000|100%| O|  |TAMS 0x0000000080700000| PB 0x0000000080700000| Untracked 
|   8|0x0000000080800000, 0x0000000080900000, 0x0000000080900000|100%| O|  |TAMS 0x0000000080800000| PB 0x0000000080800000| Untracked 
|   9|0x0000000080900000, 0x0000000080a00000, 0x0000000080a00000|100%| O|  |TAMS 0x0000000080900000| PB 0x0000000080900000| Untracked 
|  10|0x0000000080a00000, 0x0000000080b00000, 0x0000000080b00000|100%| O|  |TAMS 0x0000000080a00000| PB 0x0000000080a00000| Untracked 
|  11|0x0000000080b00000, 0x0000000080c00000, 0x0000000080c00000|100%|HS|  |TAMS 0x0000000080b00000| PB 0x0000000080b00000| Complete 
|  12|0x0000000080c00000, 0x0000000080d00000, 0x0000000080d00000|100%| O|  |TAMS 0x0000000080c00000| PB 0x0000000080c00000| Untracked 
|  13|0x0000000080d00000, 0x0000000080e00000, 0x0000000080e00000|100%| O|  |TAMS 0x0000000080d00000| PB 0x0000000080d00000| Untracked 
|  14|0x0000000080e00000, 0x0000000080f00000, 0x0000000080f00000|100%| O|  |TAMS 0x0000000080e00000| PB 0x0000000080e00000| Untracked 
|  15|0x0000000080f00000, 0x0000000081000000, 0x0000000081000000|100%| O|  |TAMS 0x0000000080f00000| PB 0x0000000080f00000| Untracked 
|  16|0x0000000081000000, 0x0000000081100000, 0x0000000081100000|100%| O|  |TAMS 0x0000000081000000| PB 0x0000000081000000| Untracked 
|  17|0x0000000081100000, 0x0000000081200000, 0x0000000081200000|100%| O|  |TAMS 0x0000000081100000| PB 0x0000000081100000| Untracked 
|  18|0x0000000081200000, 0x0000000081300000, 0x0000000081300000|100%| O|  |TAMS 0x0000000081200000| PB 0x0000000081200000| Untracked 
|  19|0x0000000081300000, 0x0000000081400000, 0x0000000081400000|100%| O|  |TAMS 0x0000000081300000| PB 0x0000000081300000| Untracked 
|  20|0x0000000081400000, 0x0000000081500000, 0x0000000081500000|100%| O|  |TAMS 0x0000000081400000| PB 0x0000000081400000| Untracked 
|  21|0x0000000081500000, 0x0000000081600000, 0x0000000081600000|100%| O|  |TAMS 0x0000000081500000| PB 0x0000000081500000| Untracked 
|  22|0x0000000081600000, 0x0000000081700000, 0x0000000081700000|100%| O|  |TAMS 0x0000000081600000| PB 0x0000000081600000| Untracked 
|  23|0x0000000081700000, 0x0000000081800000, 0x0000000081800000|100%| O|  |TAMS 0x0000000081700000| PB 0x0000000081700000| Untracked 
|  24|0x0000000081800000, 0x0000000081900000, 0x0000000081900000|100%| O|  |TAMS 0x0000000081800000| PB 0x0000000081800000| Untracked 
|  25|0x0000000081900000, 0x0000000081a00000, 0x0000000081a00000|100%| O|  |TAMS 0x0000000081900000| PB 0x0000000081900000| Untracked 
|  26|0x0000000081a00000, 0x0000000081b00000, 0x0000000081b00000|100%| O|  |TAMS 0x0000000081a00000| PB 0x0000000081a00000| Untracked 
|  27|0x0000000081b00000, 0x0000000081c00000, 0x0000000081c00000|100%| O|  |TAMS 0x0000000081b00000| PB 0x0000000081b00000| Untracked 
|  28|0x0000000081c00000, 0x0000000081d00000, 0x0000000081d00000|100%| O|  |TAMS 0x0000000081c00000| PB 0x0000000081c00000| Untracked 
|  29|0x0000000081d00000, 0x0000000081e00000, 0x0000000081e00000|100%| O|  |TAMS 0x0000000081d00000| PB 0x0000000081d00000| Untracked 
|  30|0x0000000081e00000, 0x0000000081f00000, 0x0000000081f00000|100%| O|  |TAMS 0x0000000081e00000| PB 0x0000000081e00000| Untracked 
|  31|0x0000000081f00000, 0x0000000082000000, 0x0000000082000000|100%| O|  |TAMS 0x0000000081f00000| PB 0x0000000081f00000| Untracked 
|  32|0x0000000082000000, 0x0000000082100000, 0x0000000082100000|100%| O|  |TAMS 0x0000000082000000| PB 0x0000000082000000| Untracked 
|  33|0x0000000082100000, 0x0000000082200000, 0x0000000082200000|100%| O|  |TAMS 0x0000000082100000| PB 0x0000000082100000| Untracked 
|  34|0x0000000082200000, 0x0000000082300000, 0x0000000082300000|100%| O|  |TAMS 0x0000000082200000| PB 0x0000000082200000| Untracked 
|  35|0x0000000082300000, 0x0000000082400000, 0x0000000082400000|100%| O|  |TAMS 0x0000000082300000| PB 0x0000000082300000| Untracked 
|  36|0x0000000082400000, 0x0000000082500000, 0x0000000082500000|100%| O|  |TAMS 0x0000000082400000| PB 0x0000000082400000| Untracked 
|  37|0x0000000082500000, 0x0000000082600000, 0x0000000082600000|100%| O|  |TAMS 0x0000000082500000| PB 0x0000000082500000| Untracked 
|  38|0x0000000082600000, 0x0000000082700000, 0x0000000082700000|100%| O|  |TAMS 0x0000000082600000| PB 0x0000000082600000| Untracked 
|  39|0x0000000082700000, 0x0000000082800000, 0x0000000082800000|100%| O|  |TAMS 0x0000000082700000| PB 0x0000000082700000| Untracked 
|  40|0x0000000082800000, 0x0000000082900000, 0x0000000082900000|100%| O|  |TAMS 0x0000000082800000| PB 0x0000000082800000| Untracked 
|  41|0x0000000082900000, 0x0000000082a00000, 0x0000000082a00000|100%| O|  |TAMS 0x0000000082900000| PB 0x0000000082900000| Untracked 
|  42|0x0000000082a00000, 0x0000000082b00000, 0x0000000082b00000|100%| O|  |TAMS 0x0000000082a00000| PB 0x0000000082a00000| Untracked 
|  43|0x0000000082b00000, 0x0000000082c00000, 0x0000000082c00000|100%|HS|  |TAMS 0x0000000082b00000| PB 0x0000000082b00000| Complete 
|  44|0x0000000082c00000, 0x0000000082d00000, 0x0000000082d00000|100%|HS|  |TAMS 0x0000000082c00000| PB 0x0000000082c00000| Complete 
|  45|0x0000000082d00000, 0x0000000082e00000, 0x0000000082e00000|100%|HS|  |TAMS 0x0000000082d00000| PB 0x0000000082d00000| Complete 
|  46|0x0000000082e00000, 0x0000000082f00000, 0x0000000082f00000|100%|HC|  |TAMS 0x0000000082e00000| PB 0x0000000082e00000| Complete 
|  47|0x0000000082f00000, 0x0000000083000000, 0x0000000083000000|100%| O|  |TAMS 0x0000000082f00000| PB 0x0000000082f00000| Untracked 
|  48|0x0000000083000000, 0x0000000083100000, 0x0000000083100000|100%| O|  |TAMS 0x0000000083000000| PB 0x0000000083000000| Untracked 
|  49|0x0000000083100000, 0x0000000083200000, 0x0000000083200000|100%| O|  |TAMS 0x0000000083100000| PB 0x0000000083100000| Untracked 
|  50|0x0000000083200000, 0x0000000083300000, 0x0000000083300000|100%|HS|  |TAMS 0x0000000083200000| PB 0x0000000083200000| Complete 
|  51|0x0000000083300000, 0x0000000083400000, 0x0000000083400000|100%|HC|  |TAMS 0x0000000083300000| PB 0x0000000083300000| Complete 
|  52|0x0000000083400000, 0x0000000083500000, 0x0000000083500000|100%|HS|  |TAMS 0x0000000083400000| PB 0x0000000083400000| Complete 
|  53|0x0000000083500000, 0x0000000083600000, 0x0000000083600000|100%|HS|  |TAMS 0x0000000083500000| PB 0x0000000083500000| Complete 
|  54|0x0000000083600000, 0x0000000083700000, 0x0000000083700000|100%| O|  |TAMS 0x0000000083600000| PB 0x0000000083600000| Untracked 
|  55|0x0000000083700000, 0x0000000083800000, 0x0000000083800000|100%|HS|  |TAMS 0x0000000083700000| PB 0x0000000083700000| Complete 
|  56|0x0000000083800000, 0x0000000083900000, 0x0000000083900000|100%|HS|  |TAMS 0x0000000083800000| PB 0x0000000083800000| Complete 
|  57|0x0000000083900000, 0x0000000083900000, 0x0000000083a00000|  0%| F|  |TAMS 0x0000000083900000| PB 0x0000000083900000| Untracked 
|  58|0x0000000083a00000, 0x0000000083a00000, 0x0000000083b00000|  0%| F|  |TAMS 0x0000000083a00000| PB 0x0000000083a00000| Untracked 
|  59|0x0000000083b00000, 0x0000000083c00000, 0x0000000083c00000|100%| O|  |TAMS 0x0000000083b00000| PB 0x0000000083b00000| Untracked 
|  60|0x0000000083c00000, 0x0000000083d00000, 0x0000000083d00000|100%| O|  |TAMS 0x0000000083c00000| PB 0x0000000083c00000| Untracked 
|  61|0x0000000083d00000, 0x0000000083e00000, 0x0000000083e00000|100%| O|  |TAMS 0x0000000083d00000| PB 0x0000000083d00000| Untracked 
|  62|0x0000000083e00000, 0x0000000083f00000, 0x0000000083f00000|100%| O|  |TAMS 0x0000000083e00000| PB 0x0000000083e00000| Untracked 
|  63|0x0000000083f00000, 0x0000000084000000, 0x0000000084000000|100%| O|  |TAMS 0x0000000083f00000| PB 0x0000000083f00000| Untracked 
|  64|0x0000000084000000, 0x0000000084100000, 0x0000000084100000|100%|HS|  |TAMS 0x0000000084000000| PB 0x0000000084000000| Complete 
|  65|0x0000000084100000, 0x0000000084200000, 0x0000000084200000|100%| O|  |TAMS 0x0000000084100000| PB 0x0000000084100000| Untracked 
|  66|0x0000000084200000, 0x0000000084300000, 0x0000000084300000|100%| O|  |TAMS 0x0000000084200000| PB 0x0000000084200000| Untracked 
|  67|0x0000000084300000, 0x0000000084400000, 0x0000000084400000|100%| O|  |TAMS 0x0000000084300000| PB 0x0000000084300000| Untracked 
|  68|0x0000000084400000, 0x0000000084500000, 0x0000000084500000|100%| O|  |TAMS 0x0000000084400000| PB 0x0000000084400000| Untracked 
|  69|0x0000000084500000, 0x0000000084600000, 0x0000000084600000|100%| O|  |TAMS 0x0000000084500000| PB 0x0000000084500000| Untracked 
|  70|0x0000000084600000, 0x0000000084700000, 0x0000000084700000|100%| O|  |TAMS 0x0000000084600000| PB 0x0000000084600000| Untracked 
|  71|0x0000000084700000, 0x0000000084800000, 0x0000000084800000|100%| O|  |TAMS 0x0000000084700000| PB 0x0000000084700000| Untracked 
|  72|0x0000000084800000, 0x0000000084900000, 0x0000000084900000|100%| O|  |TAMS 0x0000000084800000| PB 0x0000000084800000| Untracked 
|  73|0x0000000084900000, 0x0000000084a00000, 0x0000000084a00000|100%| O|  |TAMS 0x0000000084900000| PB 0x0000000084900000| Untracked 
|  74|0x0000000084a00000, 0x0000000084a00000, 0x0000000084b00000|  0%| F|  |TAMS 0x0000000084a00000| PB 0x0000000084a00000| Untracked 
|  75|0x0000000084b00000, 0x0000000084c00000, 0x0000000084c00000|100%| O|  |TAMS 0x0000000084b00000| PB 0x0000000084b00000| Untracked 
|  76|0x0000000084c00000, 0x0000000084d00000, 0x0000000084d00000|100%| O|  |TAMS 0x0000000084c00000| PB 0x0000000084c00000| Untracked 
|  77|0x0000000084d00000, 0x0000000084e00000, 0x0000000084e00000|100%| O|  |TAMS 0x0000000084d00000| PB 0x0000000084d00000| Untracked 
|  78|0x0000000084e00000, 0x0000000084f00000, 0x0000000084f00000|100%| O|  |TAMS 0x0000000084e00000| PB 0x0000000084e00000| Untracked 
|  79|0x0000000084f00000, 0x0000000085000000, 0x0000000085000000|100%| O|  |TAMS 0x0000000084f00000| PB 0x0000000084f00000| Untracked 
|  80|0x0000000085000000, 0x0000000085100000, 0x0000000085100000|100%| O|  |TAMS 0x0000000085000000| PB 0x0000000085000000| Untracked 
|  81|0x0000000085100000, 0x000000008511b6a0, 0x0000000085200000| 10%| O|  |TAMS 0x0000000085100000| PB 0x0000000085100000| Untracked 
|  82|0x0000000085200000, 0x0000000085200000, 0x0000000085300000|  0%| F|  |TAMS 0x0000000085200000| PB 0x0000000085200000| Untracked 
|  83|0x0000000085300000, 0x0000000085300000, 0x0000000085400000|  0%| F|  |TAMS 0x0000000085300000| PB 0x0000000085300000| Untracked 
|  84|0x0000000085400000, 0x0000000085400000, 0x0000000085500000|  0%| F|  |TAMS 0x0000000085400000| PB 0x0000000085400000| Untracked 
|  85|0x0000000085500000, 0x0000000085500000, 0x0000000085600000|  0%| F|  |TAMS 0x0000000085500000| PB 0x0000000085500000| Untracked 
|  86|0x0000000085600000, 0x0000000085647fd0, 0x0000000085700000| 28%| S|CS|TAMS 0x0000000085600000| PB 0x0000000085600000| Complete 
|  87|0x0000000085700000, 0x0000000085800000, 0x0000000085800000|100%| S|CS|TAMS 0x0000000085700000| PB 0x0000000085700000| Complete 
|  88|0x0000000085800000, 0x0000000085900000, 0x0000000085900000|100%| S|CS|TAMS 0x0000000085800000| PB 0x0000000085800000| Complete 
|  89|0x0000000085900000, 0x0000000085a00000, 0x0000000085a00000|100%| S|CS|TAMS 0x0000000085900000| PB 0x0000000085900000| Complete 
|  90|0x0000000085a00000, 0x0000000085b00000, 0x0000000085b00000|100%| S|CS|TAMS 0x0000000085a00000| PB 0x0000000085a00000| Complete 
|  91|0x0000000085b00000, 0x0000000085c00000, 0x0000000085c00000|100%| S|CS|TAMS 0x0000000085b00000| PB 0x0000000085b00000| Complete 
|  92|0x0000000085c00000, 0x0000000085c00000, 0x0000000085d00000|  0%| F|  |TAMS 0x0000000085c00000| PB 0x0000000085c00000| Untracked 
|  93|0x0000000085d00000, 0x0000000085d00000, 0x0000000085e00000|  0%| F|  |TAMS 0x0000000085d00000| PB 0x0000000085d00000| Untracked 
|  94|0x0000000085e00000, 0x0000000085e00000, 0x0000000085f00000|  0%| F|  |TAMS 0x0000000085e00000| PB 0x0000000085e00000| Untracked 
|  95|0x0000000085f00000, 0x0000000085f00000, 0x0000000086000000|  0%| F|  |TAMS 0x0000000085f00000| PB 0x0000000085f00000| Untracked 
|  96|0x0000000086000000, 0x0000000086000000, 0x0000000086100000|  0%| F|  |TAMS 0x0000000086000000| PB 0x0000000086000000| Untracked 
|  97|0x0000000086100000, 0x0000000086100000, 0x0000000086200000|  0%| F|  |TAMS 0x0000000086100000| PB 0x0000000086100000| Untracked 
|  98|0x0000000086200000, 0x0000000086200000, 0x0000000086300000|  0%| F|  |TAMS 0x0000000086200000| PB 0x0000000086200000| Untracked 
|  99|0x0000000086300000, 0x0000000086300000, 0x0000000086400000|  0%| F|  |TAMS 0x0000000086300000| PB 0x0000000086300000| Untracked 
| 100|0x0000000086400000, 0x0000000086400000, 0x0000000086500000|  0%| F|  |TAMS 0x0000000086400000| PB 0x0000000086400000| Untracked 
| 101|0x0000000086500000, 0x0000000086500000, 0x0000000086600000|  0%| F|  |TAMS 0x0000000086500000| PB 0x0000000086500000| Untracked 
| 102|0x0000000086600000, 0x0000000086600000, 0x0000000086700000|  0%| F|  |TAMS 0x0000000086600000| PB 0x0000000086600000| Untracked 
| 103|0x0000000086700000, 0x0000000086700000, 0x0000000086800000|  0%| F|  |TAMS 0x0000000086700000| PB 0x0000000086700000| Untracked 
| 104|0x0000000086800000, 0x0000000086800000, 0x0000000086900000|  0%| F|  |TAMS 0x0000000086800000| PB 0x0000000086800000| Untracked 
| 105|0x0000000086900000, 0x0000000086900000, 0x0000000086a00000|  0%| F|  |TAMS 0x0000000086900000| PB 0x0000000086900000| Untracked 
| 106|0x0000000086a00000, 0x0000000086a00000, 0x0000000086b00000|  0%| F|  |TAMS 0x0000000086a00000| PB 0x0000000086a00000| Untracked 
| 107|0x0000000086b00000, 0x0000000086b00000, 0x0000000086c00000|  0%| F|  |TAMS 0x0000000086b00000| PB 0x0000000086b00000| Untracked 
| 108|0x0000000086c00000, 0x0000000086c00000, 0x0000000086d00000|  0%| F|  |TAMS 0x0000000086c00000| PB 0x0000000086c00000| Untracked 
| 109|0x0000000086d00000, 0x0000000086d00000, 0x0000000086e00000|  0%| F|  |TAMS 0x0000000086d00000| PB 0x0000000086d00000| Untracked 
| 110|0x0000000086e00000, 0x0000000086e00000, 0x0000000086f00000|  0%| F|  |TAMS 0x0000000086e00000| PB 0x0000000086e00000| Untracked 
| 111|0x0000000086f00000, 0x0000000086f00000, 0x0000000087000000|  0%| F|  |TAMS 0x0000000086f00000| PB 0x0000000086f00000| Untracked 
| 112|0x0000000087000000, 0x0000000087000000, 0x0000000087100000|  0%| F|  |TAMS 0x0000000087000000| PB 0x0000000087000000| Untracked 
| 113|0x0000000087100000, 0x0000000087100000, 0x0000000087200000|  0%| F|  |TAMS 0x0000000087100000| PB 0x0000000087100000| Untracked 
| 114|0x0000000087200000, 0x0000000087200000, 0x0000000087300000|  0%| F|  |TAMS 0x0000000087200000| PB 0x0000000087200000| Untracked 
| 115|0x0000000087300000, 0x0000000087300000, 0x0000000087400000|  0%| F|  |TAMS 0x0000000087300000| PB 0x0000000087300000| Untracked 
| 116|0x0000000087400000, 0x0000000087400000, 0x0000000087500000|  0%| F|  |TAMS 0x0000000087400000| PB 0x0000000087400000| Untracked 
| 117|0x0000000087500000, 0x0000000087500000, 0x0000000087600000|  0%| F|  |TAMS 0x0000000087500000| PB 0x0000000087500000| Untracked 
| 118|0x0000000087600000, 0x0000000087600000, 0x0000000087700000|  0%| F|  |TAMS 0x0000000087600000| PB 0x0000000087600000| Untracked 
| 119|0x0000000087700000, 0x0000000087700000, 0x0000000087800000|  0%| F|  |TAMS 0x0000000087700000| PB 0x0000000087700000| Untracked 
| 120|0x0000000087800000, 0x0000000087800000, 0x0000000087900000|  0%| F|  |TAMS 0x0000000087800000| PB 0x0000000087800000| Untracked 
| 121|0x0000000087900000, 0x0000000087900000, 0x0000000087a00000|  0%| F|  |TAMS 0x0000000087900000| PB 0x0000000087900000| Untracked 
| 122|0x0000000087a00000, 0x0000000087a00000, 0x0000000087b00000|  0%| F|  |TAMS 0x0000000087a00000| PB 0x0000000087a00000| Untracked 
| 123|0x0000000087b00000, 0x0000000087b00000, 0x0000000087c00000|  0%| F|  |TAMS 0x0000000087b00000| PB 0x0000000087b00000| Untracked 
| 124|0x0000000087c00000, 0x0000000087c00000, 0x0000000087d00000|  0%| F|  |TAMS 0x0000000087c00000| PB 0x0000000087c00000| Untracked 
| 125|0x0000000087d00000, 0x0000000087d00000, 0x0000000087e00000|  0%| F|  |TAMS 0x0000000087d00000| PB 0x0000000087d00000| Untracked 
| 126|0x0000000087e00000, 0x0000000087e00000, 0x0000000087f00000|  0%| F|  |TAMS 0x0000000087e00000| PB 0x0000000087e00000| Untracked 
| 127|0x0000000087f00000, 0x0000000087f00000, 0x0000000088000000|  0%| F|  |TAMS 0x0000000087f00000| PB 0x0000000087f00000| Untracked 
| 128|0x0000000088000000, 0x0000000088000000, 0x0000000088100000|  0%| F|  |TAMS 0x0000000088000000| PB 0x0000000088000000| Untracked 
| 129|0x0000000088100000, 0x0000000088100000, 0x0000000088200000|  0%| F|  |TAMS 0x0000000088100000| PB 0x0000000088100000| Untracked 
| 130|0x0000000088200000, 0x0000000088200000, 0x0000000088300000|  0%| F|  |TAMS 0x0000000088200000| PB 0x0000000088200000| Untracked 
| 131|0x0000000088300000, 0x0000000088300000, 0x0000000088400000|  0%| F|  |TAMS 0x0000000088300000| PB 0x0000000088300000| Untracked 
| 132|0x0000000088400000, 0x0000000088400000, 0x0000000088500000|  0%| F|  |TAMS 0x0000000088400000| PB 0x0000000088400000| Untracked 
| 133|0x0000000088500000, 0x0000000088500000, 0x0000000088600000|  0%| F|  |TAMS 0x0000000088500000| PB 0x0000000088500000| Untracked 
| 134|0x0000000088600000, 0x0000000088600000, 0x0000000088700000|  0%| F|  |TAMS 0x0000000088600000| PB 0x0000000088600000| Untracked 
| 135|0x0000000088700000, 0x0000000088700000, 0x0000000088800000|  0%| F|  |TAMS 0x0000000088700000| PB 0x0000000088700000| Untracked 
| 171|0x000000008ab00000, 0x000000008ab00000, 0x000000008ac00000|  0%| F|  |TAMS 0x000000008ab00000| PB 0x000000008ab00000| Untracked 
| 172|0x000000008ac00000, 0x000000008ac00000, 0x000000008ad00000|  0%| F|  |TAMS 0x000000008ac00000| PB 0x000000008ac00000| Untracked 
| 173|0x000000008ad00000, 0x000000008ae00000, 0x000000008ae00000|100%| E|  |TAMS 0x000000008ad00000| PB 0x000000008ad00000| Complete 
| 174|0x000000008ae00000, 0x000000008af00000, 0x000000008af00000|100%| E|CS|TAMS 0x000000008ae00000| PB 0x000000008ae00000| Complete 
| 175|0x000000008af00000, 0x000000008b000000, 0x000000008b000000|100%| E|CS|TAMS 0x000000008af00000| PB 0x000000008af00000| Complete 
| 176|0x000000008b000000, 0x000000008b100000, 0x000000008b100000|100%| E|CS|TAMS 0x000000008b000000| PB 0x000000008b000000| Complete 
| 177|0x000000008b100000, 0x000000008b200000, 0x000000008b200000|100%| E|CS|TAMS 0x000000008b100000| PB 0x000000008b100000| Complete 
| 178|0x000000008b200000, 0x000000008b300000, 0x000000008b300000|100%| E|CS|TAMS 0x000000008b200000| PB 0x000000008b200000| Complete 
| 179|0x000000008b300000, 0x000000008b400000, 0x000000008b400000|100%| E|CS|TAMS 0x000000008b300000| PB 0x000000008b300000| Complete 
| 245|0x000000008f500000, 0x000000008f600000, 0x000000008f600000|100%| E|CS|TAMS 0x000000008f500000| PB 0x000000008f500000| Complete 
|2042|0x00000000ffa00000, 0x00000000ffb00000, 0x00000000ffb00000|100%| E|CS|TAMS 0x00000000ffa00000| PB 0x00000000ffa00000| Complete 
|2043|0x00000000ffb00000, 0x00000000ffc00000, 0x00000000ffc00000|100%| O|  |TAMS 0x00000000ffb00000| PB 0x00000000ffb00000| Untracked 
|2044|0x00000000ffc00000, 0x00000000ffd00000, 0x00000000ffd00000|100%| E|CS|TAMS 0x00000000ffc00000| PB 0x00000000ffc00000| Complete 
|2045|0x00000000ffd00000, 0x00000000ffe00000, 0x00000000ffe00000|100%| O|  |TAMS 0x00000000ffd00000| PB 0x00000000ffd00000| Untracked 
|2046|0x00000000ffe00000, 0x00000000fff00000, 0x00000000fff00000|100%| O|  |TAMS 0x00000000ffe00000| PB 0x00000000ffe00000| Untracked 
|2047|0x00000000fff00000, 0x0000000100000000, 0x0000000100000000|100%| O|  |TAMS 0x00000000fff00000| PB 0x00000000fff00000| Untracked 

Card table byte_map: [0x000001a0efcd0000,0x000001a0f00d0000] _byte_map_base: 0x000001a0ef8d0000

Marking Bits: (CMBitMap*) 0x000001a0db33f970
 Bits: [0x000001a0f00d0000, 0x000001a0f20d0000)

Polling page: 0x000001a0db3b0000

Metaspace:

Usage:
  Non-class:     83.91 MB used.
      Class:     13.49 MB used.
       Both:     97.39 MB used.

Virtual space:
  Non-class space:      128.00 MB reserved,      84.88 MB ( 66%) committed,  2 nodes.
      Class space:        1.00 GB reserved,      14.44 MB (  1%) committed,  1 nodes.
             Both:        1.12 GB reserved,      99.31 MB (  9%) committed. 

Chunk freelists:
   Non-Class:  11.11 MB
       Class:  1.56 MB
        Both:  12.67 MB

MaxMetaspaceSize: unlimited
CompressedClassSpaceSize: 1.00 GB
Initial GC threshold: 21.00 MB
Current GC threshold: 152.31 MB
CDS: off
 - commit_granule_bytes: 65536.
 - commit_granule_words: 8192.
 - virtual_space_node_default_size: 8388608.
 - enlarge_chunks_in_place: 1.
 - use_allocation_guard: 0.


Internal statistics:

num_allocs_failed_limit: 9.
num_arena_births: 3866.
num_arena_deaths: 0.
num_vsnodes_births: 3.
num_vsnodes_deaths: 0.
num_space_committed: 1589.
num_space_uncommitted: 0.
num_chunks_returned_to_freelist: 9.
num_chunks_taken_from_freelist: 7997.
num_chunk_merges: 9.
num_chunk_splits: 5281.
num_chunks_enlarged: 3349.
num_inconsistent_stats: 0.

CodeHeap 'non-profiled nmethods': size=120000Kb used=5713Kb max_used=5713Kb free=114286Kb
 bounds [0x000001a0e7710000, 0x000001a0e7cb0000, 0x000001a0eec40000]
CodeHeap 'profiled nmethods': size=120000Kb used=17021Kb max_used=17021Kb free=102978Kb
 bounds [0x000001a0dfc40000, 0x000001a0e0ce0000, 0x000001a0e7170000]
CodeHeap 'non-nmethods': size=5760Kb used=2100Kb max_used=2140Kb free=3659Kb
 bounds [0x000001a0e7170000, 0x000001a0e73e0000, 0x000001a0e7710000]
 total_blobs=10231 nmethods=9388 adapters=746
 compilation: enabled
              stopped_count=0, restarted_count=0
 full_count=0

Compilation events (20 events):
Event: 7.787 Thread 0x000001a0f4f081e0 10863       1       java.util.Collections$EmptySet::size (2 bytes)
Event: 7.787 Thread 0x000001a0f4f081e0 nmethod 10863 0x000001a0e7c98d10 code [0x000001a0e7c98ea0, 0x000001a0e7c98f68]
Event: 7.789 Thread 0x000001a0f4f1fa30 nmethod 10866 0x000001a0e7c99010 code [0x000001a0e7c991e0, 0x000001a0e7c99898]
Event: 7.789 Thread 0x000001a0f4f1fa30 10879       4       java.io.ObjectStreamClass::requireInitialized (19 bytes)
Event: 7.789 Thread 0x000001a0f4f1fa30 nmethod 10879 0x000001a0e7c99d90 code [0x000001a0e7c99f20, 0x000001a0e7c99fc8]
Event: 7.793 Thread 0x000001a0f5661e50 nmethod 10870 0x000001a0e7c9a090 code [0x000001a0e7c9a260, 0x000001a0e7c9abe8]
Event: 7.795 Thread 0x000001a0f5661e50 10881       4       org.gradle.internal.deprecation.DeprecationLogger::disable (24 bytes)
Event: 7.795 Thread 0x000001a0f4f1fa30 10882       4       org.gradle.internal.deprecation.DeprecationLogger::maybeEnable (24 bytes)
Event: 7.796 Thread 0x000001a0f4f081e0 10884       3       org.gradle.api.internal.plugins.ClassloaderBackedPluginDescriptorLocator::<init> (10 bytes)
Event: 7.796 Thread 0x000001a0f4f081e0 nmethod 10884 0x000001a0e0ca5d10 code [0x000001a0e0ca5ec0, 0x000001a0e0ca6078]
Event: 7.796 Thread 0x000001a0f4f081e0 10885       3       com.google.common.collect.FluentIterable::getDelegate (12 bytes)
Event: 7.796 Thread 0x000001a0f4f081e0 nmethod 10885 0x000001a0e0ca6110 code [0x000001a0e0ca62c0, 0x000001a0e0ca6590]
Event: 7.796 Thread 0x000001a0f4f081e0 10886       3       org.gradle.api.internal.plugins.DefaultPluginRegistry$1::load (9 bytes)
Event: 7.796 Thread 0x000001a0f4f081e0 nmethod 10886 0x000001a0e0ca6690 code [0x000001a0e0ca6840, 0x000001a0e0ca6a70]
Event: 7.796 Thread 0x000001a0f4f081e0 10887   !   3       org.gradle.api.internal.plugins.DefaultPluginRegistry$1::load (163 bytes)
Event: 7.797 Thread 0x000001a0f4f081e0 nmethod 10887 0x000001a0e0ca6b90 code [0x000001a0e0ca70a0, 0x000001a0e0ca9a28]
Event: 7.798 Thread 0x000001a0f4f081e0 10888       3       org.gradle.internal.resources.DefaultResourceLockCoordinationService$DefaultResourceLockState::getUnlockedResources (18 bytes)
Event: 7.798 Thread 0x000001a0f4f081e0 nmethod 10888 0x000001a0e0caa990 code [0x000001a0e0caab40, 0x000001a0e0caacf8]
Event: 7.798 Thread 0x000001a0f4f081e0 10889       3       com.google.common.cache.LocalCache$WeakEntry::getKey (5 bytes)
Event: 7.798 Thread 0x000001a0f4f081e0 nmethod 10889 0x000001a0e0caad90 code [0x000001a0e0caaf20, 0x000001a0e0cab0d8]

GC Heap History (20 events):
Event: 5.047 GC heap before
{Heap before GC invocations=20 (full 0):
 garbage-first heap   total 106496K, used 103688K [0x0000000080000000, 0x0000000100000000)
  region size 1024K, 47 young (48128K), 4 survivors (4096K)
 Metaspace       used 67101K, committed 68736K, reserved 1114112K
  class space    used 9249K, committed 10048K, reserved 1048576K
}
Event: 5.052 GC heap after
{Heap after GC invocations=21 (full 0):
 garbage-first heap   total 117760K, used 66314K [0x0000000080000000, 0x0000000100000000)
  region size 1024K, 6 young (6144K), 6 survivors (6144K)
 Metaspace       used 67101K, committed 68736K, reserved 1114112K
  class space    used 9249K, committed 10048K, reserved 1048576K
}
Event: 5.076 GC heap before
{Heap before GC invocations=21 (full 0):
 garbage-first heap   total 117760K, used 71434K [0x0000000080000000, 0x0000000100000000)
  region size 1024K, 13 young (13312K), 6 survivors (6144K)
 Metaspace       used 67536K, committed 69184K, reserved 1114112K
  class space    used 9295K, committed 10112K, reserved 1048576K
}
Event: 5.078 GC heap after
{Heap after GC invocations=22 (full 0):
 garbage-first heap   total 147456K, used 67629K [0x0000000080000000, 0x0000000100000000)
  region size 1024K, 2 young (2048K), 2 survivors (2048K)
 Metaspace       used 67536K, committed 69184K, reserved 1114112K
  class space    used 9295K, committed 10112K, reserved 1048576K
}
Event: 5.519 GC heap before
{Heap before GC invocations=23 (full 0):
 garbage-first heap   total 147456K, used 130093K [0x0000000080000000, 0x0000000100000000)
  region size 1024K, 63 young (64512K), 2 survivors (2048K)
 Metaspace       used 73633K, committed 75392K, reserved 1114112K
  class space    used 10050K, committed 10944K, reserved 1048576K
}
Event: 5.521 GC heap after
{Heap after GC invocations=24 (full 0):
 garbage-first heap   total 147456K, used 70136K [0x0000000080000000, 0x0000000100000000)
  region size 1024K, 3 young (3072K), 3 survivors (3072K)
 Metaspace       used 73633K, committed 75392K, reserved 1114112K
  class space    used 10050K, committed 10944K, reserved 1048576K
}
Event: 5.944 GC heap before
{Heap before GC invocations=24 (full 0):
 garbage-first heap   total 147456K, used 137720K [0x0000000080000000, 0x0000000100000000)
  region size 1024K, 64 young (65536K), 3 survivors (3072K)
 Metaspace       used 78960K, committed 80768K, reserved 1179648K
  class space    used 10784K, committed 11648K, reserved 1048576K
}
Event: 5.948 GC heap after
{Heap after GC invocations=25 (full 0):
 garbage-first heap   total 148480K, used 76304K [0x0000000080000000, 0x0000000100000000)
  region size 1024K, 8 young (8192K), 8 survivors (8192K)
 Metaspace       used 78960K, committed 80768K, reserved 1179648K
  class space    used 10784K, committed 11648K, reserved 1048576K
}
Event: 6.333 GC heap before
{Heap before GC invocations=25 (full 0):
 garbage-first heap   total 148480K, used 131600K [0x0000000080000000, 0x0000000100000000)
  region size 1024K, 62 young (63488K), 8 survivors (8192K)
 Metaspace       used 84614K, committed 86464K, reserved 1179648K
  class space    used 11511K, committed 12416K, reserved 1048576K
}
Event: 6.337 GC heap after
{Heap after GC invocations=26 (full 0):
 garbage-first heap   total 148480K, used 79380K [0x0000000080000000, 0x0000000100000000)
  region size 1024K, 3 young (3072K), 3 survivors (3072K)
 Metaspace       used 84614K, committed 86464K, reserved 1179648K
  class space    used 11511K, committed 12416K, reserved 1048576K
}
Event: 6.677 GC heap before
{Heap before GC invocations=27 (full 0):
 garbage-first heap   total 148480K, used 134676K [0x0000000080000000, 0x0000000100000000)
  region size 1024K, 57 young (58368K), 3 survivors (3072K)
 Metaspace       used 88346K, committed 90240K, reserved 1179648K
  class space    used 12046K, committed 12992K, reserved 1048576K
}
Event: 6.680 GC heap after
{Heap after GC invocations=28 (full 0):
 garbage-first heap   total 148480K, used 82530K [0x0000000080000000, 0x0000000100000000)
  region size 1024K, 6 young (6144K), 6 survivors (6144K)
 Metaspace       used 88346K, committed 90240K, reserved 1179648K
  class space    used 12046K, committed 12992K, reserved 1048576K
}
Event: 6.891 GC heap before
{Heap before GC invocations=28 (full 0):
 garbage-first heap   total 148480K, used 133730K [0x0000000080000000, 0x0000000100000000)
  region size 1024K, 56 young (57344K), 6 survivors (6144K)
 Metaspace       used 89795K, committed 91648K, reserved 1179648K
  class space    used 12227K, committed 13120K, reserved 1048576K
}
Event: 6.896 GC heap after
{Heap after GC invocations=29 (full 0):
 garbage-first heap   total 148480K, used 85603K [0x0000000080000000, 0x0000000100000000)
  region size 1024K, 7 young (7168K), 7 survivors (7168K)
 Metaspace       used 89795K, committed 91648K, reserved 1179648K
  class space    used 12227K, committed 13120K, reserved 1048576K
}
Event: 7.055 GC heap before
{Heap before GC invocations=29 (full 0):
 garbage-first heap   total 148480K, used 108131K [0x0000000080000000, 0x0000000100000000)
  region size 1024K, 30 young (30720K), 7 survivors (7168K)
 Metaspace       used 91477K, committed 93376K, reserved 1179648K
  class space    used 12481K, committed 13440K, reserved 1048576K
}
Event: 7.059 GC heap after
{Heap after GC invocations=30 (full 0):
 garbage-first heap   total 148480K, used 87540K [0x0000000080000000, 0x0000000100000000)
  region size 1024K, 2 young (2048K), 2 survivors (2048K)
 Metaspace       used 91477K, committed 93376K, reserved 1179648K
  class space    used 12481K, committed 13440K, reserved 1048576K
}
Event: 7.386 GC heap before
{Heap before GC invocations=31 (full 0):
 garbage-first heap   total 155648K, used 137716K [0x0000000080000000, 0x0000000100000000)
  region size 1024K, 50 young (51200K), 2 survivors (2048K)
 Metaspace       used 95125K, committed 97088K, reserved 1179648K
  class space    used 13177K, committed 14144K, reserved 1048576K
}
Event: 7.388 GC heap after
{Heap after GC invocations=32 (full 0):
 garbage-first heap   total 155648K, used 88440K [0x0000000080000000, 0x0000000100000000)
  region size 1024K, 3 young (3072K), 3 survivors (3072K)
 Metaspace       used 95125K, committed 97088K, reserved 1179648K
  class space    used 13177K, committed 14144K, reserved 1048576K
}
Event: 7.720 GC heap before
{Heap before GC invocations=32 (full 0):
 garbage-first heap   total 155648K, used 142712K [0x0000000080000000, 0x0000000100000000)
  region size 1024K, 56 young (57344K), 3 survivors (3072K)
 Metaspace       used 98892K, committed 100864K, reserved 1179648K
  class space    used 13727K, committed 14720K, reserved 1048576K
}
Event: 7.724 GC heap after
{Heap after GC invocations=33 (full 0):
 garbage-first heap   total 155648K, used 89485K [0x0000000080000000, 0x0000000100000000)
  region size 1024K, 6 young (6144K), 6 survivors (6144K)
 Metaspace       used 98892K, committed 100864K, reserved 1179648K
  class space    used 13727K, committed 14720K, reserved 1048576K
}

Dll operation events (3 events):
Event: 0.004 Loaded shared library D:\AndroidDatos\jbr\bin\java.dll
Event: 0.009 Loaded shared library D:\AndroidDatos\jbr\bin\zip.dll
Event: 0.340 Loaded shared library D:\AndroidDatos\jbr\bin\verify.dll

Deoptimization events (20 events):
Event: 7.734 Thread 0x000001a0fb26da00 Uncommon trap: trap_request=0xffffff45 fr.pc=0x000001a0e77d2794 relative=0x0000000000001b54
Event: 7.734 Thread 0x000001a0fb26da00 Uncommon trap: reason=unstable_if action=reinterpret pc=0x000001a0e77d2794 method=java.util.HashMap.putVal(ILjava/lang/Object;Ljava/lang/Object;ZZ)Ljava/lang/Object; @ 94 c2
Event: 7.734 Thread 0x000001a0fb26da00 DEOPT PACKING pc=0x000001a0e77d2794 sp=0x0000006b594f85f0
Event: 7.734 Thread 0x000001a0fb26da00 DEOPT UNPACKING pc=0x000001a0e71c46a2 sp=0x0000006b594f84b0 mode 2
Event: 7.736 Thread 0x000001a0fb26da00 Uncommon trap: trap_request=0xffffff76 fr.pc=0x000001a0e7c8720c relative=0x00000000000001ec
Event: 7.736 Thread 0x000001a0fb26da00 Uncommon trap: reason=predicate action=maybe_recompile pc=0x000001a0e7c8720c method=java.util.Arrays.fill([Ljava/lang/Object;IILjava/lang/Object;)V @ 13 c2
Event: 7.736 Thread 0x000001a0fb26da00 DEOPT PACKING pc=0x000001a0e7c8720c sp=0x0000006b594f8910
Event: 7.736 Thread 0x000001a0fb26da00 DEOPT UNPACKING pc=0x000001a0e71c46a2 sp=0x0000006b594f88e0 mode 2
Event: 7.760 Thread 0x000001a0fb26da00 DEOPT PACKING pc=0x000001a0dfe3874e sp=0x0000006b594f8390
Event: 7.760 Thread 0x000001a0fb26da00 DEOPT UNPACKING pc=0x000001a0e71c4e42 sp=0x0000006b594f7878 mode 0
Event: 7.794 Thread 0x000001a0fb26da00 Uncommon trap: trap_request=0xfffffff4 fr.pc=0x000001a0e7b64be8 relative=0x0000000000000208
Event: 7.794 Thread 0x000001a0fb26da00 Uncommon trap: reason=null_check action=make_not_entrant pc=0x000001a0e7b64be8 method=org.gradle.tooling.internal.provider.runner.ClientBuildEventGenerator$Enabled.accept(Lorg/gradle/internal/operations/BuildOperationDescriptor;)Lorg/gradle/tooling/intern
Event: 7.794 Thread 0x000001a0fb26da00 DEOPT PACKING pc=0x000001a0e7b64be8 sp=0x0000006b594f9c50
Event: 7.794 Thread 0x000001a0fb26da00 DEOPT UNPACKING pc=0x000001a0e71c46a2 sp=0x0000006b594f9bd8 mode 2
Event: 7.794 Thread 0x000001a0fb26da00 Uncommon trap: trap_request=0xfffffff4 fr.pc=0x000001a0e7bae1a0 relative=0x0000000000000100
Event: 7.794 Thread 0x000001a0fb26da00 Uncommon trap: reason=null_check action=make_not_entrant pc=0x000001a0e7bae1a0 method=org.gradle.tooling.internal.provider.runner.ClientBuildEventGenerator$Disabled.accept(Lorg/gradle/internal/operations/BuildOperationDescriptor;)Lorg/gradle/tooling/inter
Event: 7.794 Thread 0x000001a0fb26da00 DEOPT PACKING pc=0x000001a0e7bae1a0 sp=0x0000006b594f9c60
Event: 7.794 Thread 0x000001a0fb26da00 DEOPT UNPACKING pc=0x000001a0e71c46a2 sp=0x0000006b594f9be8 mode 2
Event: 7.798 Thread 0x000001a0fb26da00 DEOPT PACKING pc=0x000001a0dfc9c1a1 sp=0x0000006b594f86c0
Event: 7.798 Thread 0x000001a0fb26da00 DEOPT UNPACKING pc=0x000001a0e71c4e42 sp=0x0000006b594f7bb0 mode 0

Classes loaded (20 events):
Event: 6.543 Loading class com/sun/beans/finder/MethodFinder
Event: 6.543 Loading class com/sun/beans/finder/AbstractFinder
Event: 6.543 Loading class com/sun/beans/finder/AbstractFinder done
Event: 6.543 Loading class com/sun/beans/finder/MethodFinder done
Event: 6.543 Loading class com/sun/beans/finder/MethodFinder$1
Event: 6.543 Loading class com/sun/beans/finder/MethodFinder$1 done
Event: 6.543 Loading class com/sun/beans/finder/FinderUtils
Event: 6.543 Loading class com/sun/beans/finder/FinderUtils done
Event: 7.068 Loading class sun/reflect/generics/repository/FieldRepository
Event: 7.069 Loading class sun/reflect/generics/repository/FieldRepository done
Event: 7.077 Loading class jdk/internal/vm/annotation/ForceInline
Event: 7.077 Loading class jdk/internal/vm/annotation/ForceInline done
Event: 7.119 Loading class java/util/regex/Pattern$Caret
Event: 7.119 Loading class java/util/regex/Pattern$Caret done
Event: 7.630 Loading class java/io/CharArrayWriter
Event: 7.630 Loading class java/io/CharArrayWriter done
Event: 7.729 Loading class java/io/ObjectStreamClass$ExceptionInfo
Event: 7.729 Loading class java/io/ObjectStreamClass$ExceptionInfo done
Event: 7.792 Loading class java/lang/AbstractMethodError
Event: 7.792 Loading class java/lang/AbstractMethodError done

Classes unloaded (0 events):
No events

Classes redefined (0 events):
No events

Internal exceptions (20 events):
Event: 6.798 Thread 0x000001a0fb26da00 Exception <a 'java/lang/NoSuchMethodError'{0x0000000086665768}: 'int java.lang.invoke.DirectMethodHandle$Holder.invokeSpecialIFC(java.lang.Object, java.lang.Object, java.lang.Object, java.lang.Object, java.lang.Object)'> (0x0000000086665768) 
thrown [s\src\hotspot\share\interpreter\linkResolver.cpp, line 784]
Event: 6.979 Thread 0x000001a0fb26da00 Exception <a 'java/lang/NoSuchMethodError'{0x000000008807fc08}: 'java.lang.Object java.lang.invoke.DirectMethodHandle$Holder.newInvokeSpecial(java.lang.Object, java.lang.Object, java.lang.Object, java.lang.Object, java.lang.Object, java.lang.Object, java.lang.Object, java.lang.Object, java.lang.Object, java.lang.Object, java.lang.Object, java.lang.Object, java.lang.Object, java.lang.Object, java.lang.Object)'> (0x000000008807fc08) 
thrown [s\src\hotspot\share\interpreter\linkResolver.cpp, line 784]
Event: 7.078 Thread 0x000001a0fb26da00 Exception <a 'java/lang/NoSuchMethodError'{0x000000008f51d768}: 'void java.lang.invoke.Invokers$Holder.invokeExact_MT(java.lang.Object, java.lang.Object, java.lang.Object, java.lang.Object)'> (0x000000008f51d768) 
thrown [s\src\hotspot\share\interpreter\linkResolver.cpp, line 784]
Event: 7.429 Thread 0x000001a0fb26da00 Exception <a 'java/lang/NoSuchMethodError'{0x000000008b1f7940}: 'java.lang.Object java.lang.invoke.Invokers$Holder.invokeExact_MT(java.lang.Object, java.lang.Object, java.lang.Object, int, java.lang.Object, java.lang.Object)'> (0x000000008b1f7940) 
thrown [s\src\hotspot\share\interpreter\linkResolver.cpp, line 784]
Event: 7.529 Thread 0x000001a0fb26da00 Exception <a 'java/lang/ClassNotFoundException'{0x0000000087c1f178}: com/android/build/gradle/internal/api/ApkVariantOutputImpl_DecoratedBeanInfo> (0x0000000087c1f178) 
thrown [s\src\hotspot\share\classfile\systemDictionary.cpp, line 312]
Event: 7.529 Thread 0x000001a0fb26da00 Exception <a 'java/lang/ClassNotFoundException'{0x0000000087c2bee8}: com/android/build/gradle/internal/api/ApkVariantOutputImplBeanInfo> (0x0000000087c2bee8) 
thrown [s\src\hotspot\share\classfile\systemDictionary.cpp, line 312]
Event: 7.529 Thread 0x000001a0fb26da00 Exception <a 'java/lang/ClassNotFoundException'{0x0000000087c399e8}: com/android/build/gradle/internal/api/BaseVariantOutputImplBeanInfo> (0x0000000087c399e8) 
thrown [s\src\hotspot\share\classfile\systemDictionary.cpp, line 312]
Event: 7.529 Thread 0x000001a0fb26da00 Exception <a 'java/lang/ClassNotFoundException'{0x0000000087c46cb8}: com/android/build/gradle/internal/api/BaseVariantOutputImplCustomizer> (0x0000000087c46cb8) 
thrown [s\src\hotspot\share\classfile\systemDictionary.cpp, line 312]
Event: 7.530 Thread 0x000001a0fb26da00 Exception <a 'java/lang/ClassNotFoundException'{0x0000000087c66780}: com/android/build/gradle/internal/api/ApkVariantOutputImplCustomizer> (0x0000000087c66780) 
thrown [s\src\hotspot\share\classfile\systemDictionary.cpp, line 312]
Event: 7.531 Thread 0x000001a0fb26da00 Exception <a 'java/lang/ClassNotFoundException'{0x0000000087c81568}: com/android/build/gradle/internal/api/ApkVariantOutputImpl_DecoratedCustomizer> (0x0000000087c81568) 
thrown [s\src\hotspot\share\classfile\systemDictionary.cpp, line 312]
Event: 7.575 Thread 0x000001a0fb26da00 Exception <a 'java/lang/ClassNotFoundException'{0x000000008749ae20}: com/android/build/gradle/internal/api/ReadOnlyBuildTypeBeanInfo> (0x000000008749ae20) 
thrown [s\src\hotspot\share\classfile\systemDictionary.cpp, line 312]
Event: 7.576 Thread 0x000001a0fb26da00 Exception <a 'java/lang/ClassNotFoundException'{0x00000000874a8b48}: com/android/build/gradle/internal/api/ReadOnlyBaseConfigBeanInfo> (0x00000000874a8b48) 
thrown [s\src\hotspot\share\classfile\systemDictionary.cpp, line 312]
Event: 7.576 Thread 0x000001a0fb26da00 Exception <a 'java/lang/ClassNotFoundException'{0x00000000874b6898}: com/android/build/gradle/internal/api/ReadOnlyBaseConfigCustomizer> (0x00000000874b6898) 
thrown [s\src\hotspot\share\classfile\systemDictionary.cpp, line 312]
Event: 7.577 Thread 0x000001a0fb26da00 Exception <a 'java/lang/ClassNotFoundException'{0x00000000874d5530}: com/android/build/gradle/internal/api/ReadOnlyBuildTypeCustomizer> (0x00000000874d5530) 
thrown [s\src\hotspot\share\classfile\systemDictionary.cpp, line 312]
Event: 7.727 Thread 0x000001a0fb26da00 Exception <a 'java/lang/NoSuchMethodError'{0x00000000ffc47380}: static Lorg/gradle/api/internal/catalog/DependencyModel;.<clinit>()V> (0x00000000ffc47380) 
thrown [s\src\hotspot\share\prims\jni.cpp, line 1126]
Event: 7.727 Thread 0x000001a0fb26da00 Exception <a 'java/lang/NoSuchMethodError'{0x00000000ffc4b018}: static Lorg/gradle/api/internal/catalog/AbstractContextAwareModel;.<clinit>()V> (0x00000000ffc4b018) 
thrown [s\src\hotspot\share\prims\jni.cpp, line 1126]
Event: 7.727 Thread 0x000001a0fb26da00 Exception <a 'java/lang/NoSuchMethodError'{0x00000000ffc66080}: static Lorg/gradle/api/internal/artifacts/dependencies/AbstractVersionConstraint;.<clinit>()V> (0x00000000ffc66080) 
thrown [s\src\hotspot\share\prims\jni.cpp, line 1126]
Event: 7.729 Thread 0x000001a0fb26da00 Exception <a 'java/lang/NoSuchMethodError'{0x00000000ffcb72b8}: static [Ljava/lang/Object;.<clinit>()V> (0x00000000ffcb72b8) 
thrown [s\src\hotspot\share\prims\jni.cpp, line 1126]
Event: 7.794 Thread 0x000001a0fb26da00 Implicit null exception at 0x000001a0e7b64a32 to 0x000001a0e7b64bdc
Event: 7.794 Thread 0x000001a0fb26da00 Implicit null exception at 0x000001a0e7bae0e9 to 0x000001a0e7bae194

ZGC Phase Switch (0 events):
No events

VM Operations (20 events):
Event: 6.677 Executing VM operation: G1CollectForAllocation (G1 Evacuation Pause)
Event: 6.680 Executing VM operation: G1CollectForAllocation (G1 Evacuation Pause) done
Event: 6.889 Executing VM operation: HandshakeAllThreads (Deoptimize)
Event: 6.889 Executing VM operation: HandshakeAllThreads (Deoptimize) done
Event: 6.891 Executing VM operation: G1CollectForAllocation (G1 Evacuation Pause)
Event: 6.896 Executing VM operation: G1CollectForAllocation (G1 Evacuation Pause) done
Event: 7.055 Executing VM operation: G1TryInitiateConcMark (G1 Humongous Allocation)
Event: 7.059 Executing VM operation: G1TryInitiateConcMark (G1 Humongous Allocation) done
Event: 7.087 Executing VM operation: G1PauseRemark
Event: 7.091 Executing VM operation: G1PauseRemark done
Event: 7.103 Executing VM operation: G1PauseCleanup
Event: 7.103 Executing VM operation: G1PauseCleanup done
Event: 7.386 Executing VM operation: G1CollectForAllocation (G1 Evacuation Pause)
Event: 7.388 Executing VM operation: G1CollectForAllocation (G1 Evacuation Pause) done
Event: 7.683 Executing VM operation: HandshakeAllThreads (Deoptimize)
Event: 7.683 Executing VM operation: HandshakeAllThreads (Deoptimize) done
Event: 7.709 Executing VM operation: ICBufferFull
Event: 7.709 Executing VM operation: ICBufferFull done
Event: 7.720 Executing VM operation: G1CollectForAllocation (G1 Evacuation Pause)
Event: 7.724 Executing VM operation: G1CollectForAllocation (G1 Evacuation Pause) done

Events (20 events):
Event: 7.090 Thread 0x000001a0db1ac980 flushing nmethod 0x000001a0e78ea190
Event: 7.090 Thread 0x000001a0db1ac980 flushing nmethod 0x000001a0e78da190
Event: 7.090 Thread 0x000001a0db1ac980 flushing nmethod 0x000001a0e78bd410
Event: 7.090 Thread 0x000001a0db1ac980 flushing nmethod 0x000001a0e7827690
Event: 7.090 Thread 0x000001a0db1ac980 flushing nmethod 0x000001a0e7886290
Event: 7.090 Thread 0x000001a0db1ac980 flushing nmethod 0x000001a0e7857e90
Event: 7.090 Thread 0x000001a0db1ac980 flushing nmethod 0x000001a0e7846890
Event: 7.090 Thread 0x000001a0db1ac980 flushing nmethod 0x000001a0e7848e90
Event: 7.090 Thread 0x000001a0db1ac980 flushing nmethod 0x000001a0e77f5290
Event: 7.090 Thread 0x000001a0db1ac980 flushing nmethod 0x000001a0e77e6690
Event: 7.090 Thread 0x000001a0db1ac980 flushing nmethod 0x000001a0e77c4810
Event: 7.091 Thread 0x000001a0db1ac980 flushing nmethod 0x000001a0e77bee90
Event: 7.091 Thread 0x000001a0db1ac980 flushing nmethod 0x000001a0e7785f90
Event: 7.091 Thread 0x000001a0db1ac980 flushing nmethod 0x000001a0e77a6410
Event: 7.091 Thread 0x000001a0db1ac980 flushing nmethod 0x000001a0e77a9890
Event: 7.091 Thread 0x000001a0db1ac980 flushing nmethod 0x000001a0e7795910
Event: 7.091 Thread 0x000001a0db1ac980 flushing nmethod 0x000001a0e778dd10
Event: 7.091 Thread 0x000001a0db1ac980 flushing nmethod 0x000001a0e7749790
Event: 7.091 Thread 0x000001a0db1ac980 flushing nmethod 0x000001a0e7739790
Event: 7.091 Thread 0x000001a0db1ac980 flushing nmethod 0x000001a0e7733390


Dynamic libraries:
0x00007ff6dead0000 - 0x00007ff6deada000 	D:\AndroidDatos\jbr\bin\java.exe
0x00007ff824270000 - 0x00007ff824468000 	C:\WINDOWS\SYSTEM32\ntdll.dll
0x00007ff823fc0000 - 0x00007ff824082000 	C:\WINDOWS\System32\KERNEL32.DLL
0x00007ff821ea0000 - 0x00007ff82219f000 	C:\WINDOWS\System32\KERNELBASE.dll
0x00007ff821910000 - 0x00007ff821a10000 	C:\WINDOWS\System32\ucrtbase.dll
0x00007ff81bd80000 - 0x00007ff81bd98000 	D:\AndroidDatos\jbr\bin\jli.dll
0x00007fffc42e0000 - 0x00007fffc42fb000 	D:\AndroidDatos\jbr\bin\VCRUNTIME140.dll
0x00007ff824090000 - 0x00007ff82422d000 	C:\WINDOWS\System32\USER32.dll
0x00007ff821c30000 - 0x00007ff821c52000 	C:\WINDOWS\System32\win32u.dll
0x00007ff8106a0000 - 0x00007ff81093a000 	C:\WINDOWS\WinSxS\amd64_microsoft.windows.common-controls_6595b64144ccf1df_6.0.19041.4355_none_60b8b9eb71f62e16\COMCTL32.dll
0x00007ff8226f0000 - 0x00007ff82271b000 	C:\WINDOWS\System32\GDI32.dll
0x00007ff822410000 - 0x00007ff8224ae000 	C:\WINDOWS\System32\msvcrt.dll
0x00007ff821b10000 - 0x00007ff821c2a000 	C:\WINDOWS\System32\gdi32full.dll
0x00007ff8221f0000 - 0x00007ff82228d000 	C:\WINDOWS\System32\msvcp_win.dll
0x00007ff823610000 - 0x00007ff82363f000 	C:\WINDOWS\System32\IMM32.DLL
0x00007fffc64e0000 - 0x00007fffc64ec000 	D:\AndroidDatos\jbr\bin\vcruntime140_1.dll
0x00007ffffab40000 - 0x00007ffffabcd000 	D:\AndroidDatos\jbr\bin\msvcp140.dll
0x00007fffaed30000 - 0x00007fffaf9ad000 	D:\AndroidDatos\jbr\bin\server\jvm.dll
0x00007ff823650000 - 0x00007ff8236ff000 	C:\WINDOWS\System32\ADVAPI32.dll
0x00007ff823f20000 - 0x00007ff823fbf000 	C:\WINDOWS\System32\sechost.dll
0x00007ff822e30000 - 0x00007ff822f53000 	C:\WINDOWS\System32\RPCRT4.dll
0x00007ff821d10000 - 0x00007ff821d37000 	C:\WINDOWS\System32\bcrypt.dll
0x00007ff8233f0000 - 0x00007ff82345b000 	C:\WINDOWS\System32\WS2_32.dll
0x00007ff8216c0000 - 0x00007ff82170b000 	C:\WINDOWS\SYSTEM32\POWRPROF.dll
0x00007ff818fa0000 - 0x00007ff818faa000 	C:\WINDOWS\SYSTEM32\VERSION.dll
0x00007ff816140000 - 0x00007ff816167000 	C:\WINDOWS\SYSTEM32\WINMM.dll
0x00007ff821630000 - 0x00007ff821642000 	C:\WINDOWS\SYSTEM32\UMPDC.dll
0x00007ff81f800000 - 0x00007ff81f812000 	C:\WINDOWS\SYSTEM32\kernel.appcore.dll
0x00007fffc4930000 - 0x00007fffc493a000 	D:\AndroidDatos\jbr\bin\jimage.dll
0x00007ff81eb90000 - 0x00007ff81ed74000 	C:\WINDOWS\SYSTEM32\DBGHELP.DLL
0x00007ffffa5b0000 - 0x00007ffffa5e4000 	C:\WINDOWS\SYSTEM32\dbgcore.DLL
0x00007ff821a10000 - 0x00007ff821a92000 	C:\WINDOWS\System32\bcryptPrimitives.dll
0x00007ff81cb30000 - 0x00007ff81cb3e000 	D:\AndroidDatos\jbr\bin\instrument.dll
0x00007fffc42c0000 - 0x00007fffc42df000 	D:\AndroidDatos\jbr\bin\java.dll
0x00007fffb05c0000 - 0x00007fffb05d8000 	D:\AndroidDatos\jbr\bin\zip.dll
0x00007ff823700000 - 0x00007ff823e6d000 	C:\WINDOWS\System32\SHELL32.dll
0x00007ff81f990000 - 0x00007ff820134000 	C:\WINDOWS\SYSTEM32\windows.storage.dll
0x00007ff822f60000 - 0x00007ff8232b5000 	C:\WINDOWS\System32\combase.dll
0x00007ff8212d0000 - 0x00007ff8212fb000 	C:\WINDOWS\SYSTEM32\Wldp.dll
0x00007ff822560000 - 0x00007ff82262d000 	C:\WINDOWS\System32\OLEAUT32.dll
0x00007ff823e70000 - 0x00007ff823f1d000 	C:\WINDOWS\System32\SHCORE.dll
0x00007ff822c20000 - 0x00007ff822c75000 	C:\WINDOWS\System32\shlwapi.dll
0x00007ff821840000 - 0x00007ff821865000 	C:\WINDOWS\SYSTEM32\profapi.dll
0x00007fffc47a0000 - 0x00007fffc47b0000 	D:\AndroidDatos\jbr\bin\net.dll
0x00007ff81d8d0000 - 0x00007ff81d9da000 	C:\WINDOWS\SYSTEM32\WINHTTP.dll
0x00007ff821030000 - 0x00007ff82109c000 	C:\WINDOWS\system32\mswsock.dll
0x00007fffb05e0000 - 0x00007fffb05f6000 	D:\AndroidDatos\jbr\bin\nio.dll
0x00007fffc6580000 - 0x00007fffc6590000 	D:\AndroidDatos\jbr\bin\verify.dll
0x00007fffd6a10000 - 0x00007fffd6a37000 	C:\Users\sackb\.gradle\native\c067742578af261105cb4f569cf0c3c89f3d7b1fecec35dd04571415982c5e48\windows-amd64\native-platform.dll
0x00007fffd4720000 - 0x00007fffd4864000 	C:\Users\sackb\.gradle\native\100fb08df4bc3b14c8652ba06237920a3bd2aa13389f12d3474272988ae205f9\windows-amd64\native-platform-file-events.dll
0x00007ffff1d50000 - 0x00007ffff1d59000 	D:\AndroidDatos\jbr\bin\management.dll
0x00007fffc45e0000 - 0x00007fffc45eb000 	D:\AndroidDatos\jbr\bin\management_ext.dll
0x00007ff823460000 - 0x00007ff823468000 	C:\WINDOWS\System32\PSAPI.DLL
0x00007ff821230000 - 0x00007ff821248000 	C:\WINDOWS\SYSTEM32\CRYPTSP.dll
0x00007ff820950000 - 0x00007ff820988000 	C:\WINDOWS\system32\rsaenh.dll
0x00007ff8217c0000 - 0x00007ff8217ee000 	C:\WINDOWS\SYSTEM32\USERENV.dll
0x00007ff821220000 - 0x00007ff82122c000 	C:\WINDOWS\SYSTEM32\CRYPTBASE.dll
0x00007ff820d10000 - 0x00007ff820d4b000 	C:\WINDOWS\SYSTEM32\IPHLPAPI.DLL
0x00007ff823640000 - 0x00007ff823648000 	C:\WINDOWS\System32\NSI.dll
0x00007fffc69a0000 - 0x00007fffc69a9000 	D:\AndroidDatos\jbr\bin\extnet.dll
0x00007fffc69b0000 - 0x00007fffc69b7000 	C:\WINDOWS\system32\wshunix.dll

dbghelp: loaded successfully - version: 4.0.5 - missing functions: none
symbol engine: initialized successfully - sym options: 0x614 - pdb path: .;D:\AndroidDatos\jbr\bin;C:\WINDOWS\SYSTEM32;C:\WINDOWS\WinSxS\amd64_microsoft.windows.common-controls_6595b64144ccf1df_6.0.19041.4355_none_60b8b9eb71f62e16;D:\AndroidDatos\jbr\bin\server;C:\Users\sackb\.gradle\native\c067742578af261105cb4f569cf0c3c89f3d7b1fecec35dd04571415982c5e48\windows-amd64;C:\Users\sackb\.gradle\native\100fb08df4bc3b14c8652ba06237920a3bd2aa13389f12d3474272988ae205f9\windows-amd64

VM Arguments:
jvm_args: --add-opens=java.base/java.util=ALL-UNNAMED --add-opens=java.base/java.lang=ALL-UNNAMED --add-opens=java.base/java.lang.invoke=ALL-UNNAMED --add-opens=java.prefs/java.util.prefs=ALL-UNNAMED --add-exports=jdk.compiler/com.sun.tools.javac.api=ALL-UNNAMED --add-exports=jdk.compiler/com.sun.tools.javac.util=ALL-UNNAMED --add-opens=java.base/java.nio.charset=ALL-UNNAMED --add-opens=java.base/java.net=ALL-UNNAMED --add-opens=java.base/java.util.concurrent.atomic=ALL-UNNAMED -Xmx2048m -Dfile.encoding=UTF-8 -Duser.country=MX -Duser.language=es -Duser.variant -javaagent:C:\Users\sackb\.gradle\wrapper\dists\gradle-8.9-bin\90cnw93cvbtalezasaz0blq0a\gradle-8.9\lib\agents\gradle-instrumentation-agent-8.9.jar 
java_command: org.gradle.launcher.daemon.bootstrap.GradleDaemon 8.9
java_class_path (initial): C:\Users\sackb\.gradle\wrapper\dists\gradle-8.9-bin\90cnw93cvbtalezasaz0blq0a\gradle-8.9\lib\gradle-daemon-main-8.9.jar
Launcher Type: SUN_STANDARD

[Global flags]
     intx CICompilerCount                          = 4                                         {product} {ergonomic}
     uint ConcGCThreads                            = 3                                         {product} {ergonomic}
     uint G1ConcRefinementThreads                  = 10                                        {product} {ergonomic}
   size_t G1HeapRegionSize                         = 1048576                                   {product} {ergonomic}
    uintx GCDrainStackTargetSize                   = 64                                        {product} {ergonomic}
   size_t InitialHeapSize                          = 257949696                                 {product} {ergonomic}
   size_t MarkStackSize                            = 4194304                                   {product} {ergonomic}
   size_t MaxHeapSize                              = 2147483648                                {product} {command line}
   size_t MaxNewSize                               = 1287651328                                {product} {ergonomic}
   size_t MinHeapDeltaBytes                        = 1048576                                   {product} {ergonomic}
   size_t MinHeapSize                              = 8388608                                   {product} {ergonomic}
    uintx NonNMethodCodeHeapSize                   = 5839372                                {pd product} {ergonomic}
    uintx NonProfiledCodeHeapSize                  = 122909434                              {pd product} {ergonomic}
    uintx ProfiledCodeHeapSize                     = 122909434                              {pd product} {ergonomic}
    uintx ReservedCodeCacheSize                    = 251658240                              {pd product} {ergonomic}
     bool SegmentedCodeCache                       = true                                      {product} {ergonomic}
   size_t SoftMaxHeapSize                          = 2147483648                             {manageable} {ergonomic}
     bool UseCompressedOops                        = true                           {product lp64_product} {ergonomic}
     bool UseG1GC                                  = true                                      {product} {ergonomic}
     bool UseLargePagesIndividualAllocation        = false                                  {pd product} {ergonomic}

Logging:
Log output configuration:
 #0: stdout all=warning uptime,level,tags foldmultilines=false
 #1: stderr all=off uptime,level,tags foldmultilines=false

Environment Variables:
PATH=C:\PROGRA~2\Borland\CBUILD~1\Bin;C:\PROGRA~2\Borland\CBUILD~1\Projects\Bpl;C:\Program Files\Common Files\Oracle\Java\javapath;C:\WINDOWS\system32;C:\WINDOWS;C:\WINDOWS\System32\Wbem;C:\WINDOWS\System32\WindowsPowerShell\v1.0\;C:\WINDOWS\System32\OpenSSH\;C:\Program Files\dotnet\;C:\Program Files\Git\cmd;D:\MinGW\bin;D:\ffmpeg-master-latest-win64-gpl-shared\bin;C:\Users\sackb\AppData\Local\Programs\Python\Python310\Scripts\;C:\Users\sackb\AppData\Local\Programs\Python\Python310\;C:\Users\sackb\AppData\Local\Programs\Python\Python313\Scripts\;C:\Users\sackb\AppData\Local\Programs\Python\Python313\;C:\Users\sackb\AppData\Local\Programs\Python\Python311\Scripts\;C:\Users\sackb\AppData\Local\Programs\Python\Python311\;C:\Users\sackb\AppData\Local\Programs\Python\Python312\Scripts\;C:\Users\sackb\AppData\Local\Programs\Python\Python312\;C:\Users\sackb\AppData\Local\Microsoft\WindowsApps;C:\Users\sackb\AppData\Local\Programs\Microsoft VS Code\bin;C:\Users\sackb\.dotnet\tools;D:\MikTeX\miktex\bin\x64\;C:\Users\sackb\AppData\Local\GitHubDesktop\bin;D:\IntelliJ\IntelliJ IDEA Community Edition 2024.2.3\bin;;D:\MinGW\bin;
USERNAME=sackb
OS=Windows_NT
PROCESSOR_IDENTIFIER=AMD64 Family 25 Model 80 Stepping 0, AuthenticAMD
TMP=C:\Users\sackb\AppData\Local\Temp
TEMP=C:\Users\sackb\AppData\Local\Temp




Periodic native trim disabled

JNI global refs:
JNI global refs: 30, weak refs: 11

JNI global refs memory usage: 835, weak refs: 833

Process memory usage:
Resident Set Size: 444832K (2% of 16101432K total physical memory with 1765324K free physical memory)

OOME stack traces (most recent first):
Classloader memory used:
